<?xml version="1.0" encoding="UTF-8"?>
<!-- Generated by org.testng.reporters.JUnitXMLReporter -->
<testsuite hostname="Swadhin-PC" ignored="0" name="Default test" tests="3" failures="0" timestamp="06 Jul 2019 06:27:14 GMT" time="67.343" errors="0">
  <testcase name="LoginPageFlow" time="23.024" classname="tests.LoginPageTest"/>
  <testcase name="LoginPageFlow" time="25.693" classname="tests.LoginPageTest"/>
  <testcase name="LoginPageVerification" time="11.388" classname="tests.LoginPageTest"/>
</testsuite> <!-- Default test -->
