<?xml version="1.0" encoding="UTF-8"?>
<testsuite xmlns:xsi="http://www.w3.org/2001/XMLSchema-instance" xsi:noNamespaceSchemaLocation="https://maven.apache.org/surefire/maven-surefire-plugin/xsd/surefire-test-report-3.0.xsd" version="3.0" name="TestSuite" time="147.334" tests="6" errors="0" skipped="0" failures="2">
  <properties>
[...]
</properties>
  <testcase name="LoginPageFlow" classname="tests.LoginPageTest" time="27.907"/>
  <testcase name="LoginPageFlow" classname="tests.LoginPageTest" time="56.061">
    <failure message="Can&apos;t locate an element by this strategy: By.chained({By.id: main_search_icon})" type="org.openqa.selenium.NoSuchElementException">org.openqa.selenium.NoSuchElementException: Can't locate an element by this strategy: By.chained({By.id: main_search_icon})
	at tests.LoginPageTest.LoginPageFlow(LoginPageTest.java:35)
Caused by: org.openqa.selenium.TimeoutException: Expected condition failed: waiting for io.appium.java_client.pagefactory.AppiumElementLocator$WaitingFunction@72437d8d (tried for 1 second(s) with 500 milliseconds interval)
	at tests.LoginPageTest.LoginPageFlow(LoginPageTest.java:35)
Caused by: org.openqa.selenium.NoSuchElementException: 
Cannot locate an element using By.chained({By.id: main_search_icon})
For documentation on this error, please visit: https://www.seleniumhq.org/exceptions/no_such_element.html
Build info: version: '3.141.59', revision: 'e82be7d358', time: '2018-11-14T08:17:03'
System info: host: 'SWADHIN-PC', ip: '192.168.56.1', os.name: 'Windows 7', os.arch: 'amd64', os.version: '6.1', java.version: '1.8.0_101'
Driver info: driver.version: AndroidDriver
	at tests.LoginPageTest.LoginPageFlow(LoginPageTest.java:35)
</failure>
    <system-out><![CDATA[&amp#27;[35m[HTTP]&amp#27;[39m &amp#27;[37m<-- GET /wd/hub/session/41ace3df-71de-4b6e-a18a-842fedee59ac/element/4/displayed &amp#27;[39m&amp#27;[32m200&amp#27;[39m &amp#27;[90m180 ms - 14&amp#27;[39m
&amp#27;[35m[HTTP]&amp#27;[39m &amp#27;[90m&amp#27;[39m
&amp#27;[35m[HTTP]&amp#27;[39m &amp#27;[37m-->&amp#27;[39m &amp#27;[37mPOST&amp#27;[39m &amp#27;[37m/wd/hub/session&amp#27;[39m
&amp#27;[35m[HTTP]&amp#27;[39m &amp#27;[90m{"desiredCapabilities":{"app":"C:\\Users\\Swadhin\\Pictures\\framework\\src\\app-debug.apk","newCommandTimeout":20,"platformName":"Android","udid":"192.168.0.100:5555","deviceName":"OnePlus","version":"9"},"capabilities":{"firstMatch":[{"appium:app":"C:\\Users\\Swadhin\\Pictures\\framework\\src\\app-debug.apk","appium:deviceName":"OnePlus","appium:newCommandTimeout":20,"platformName":"android","appium:udid":"192.168.0.100:5555","version":"9"}]}}&amp#27;[39m
[debug] &amp#27;[35m[W3C]&amp#27;[39m Calling AppiumDriver.createSession() with args: [{"app":"C:\\Users\\Swadhin\\Pictures\\framework\\src\\app-debug.apk","newCommandTimeout":20,"platformName":"Android","udid":"192.168.0.100:5555","deviceName":"OnePlus","version":"9"},null,{"firstMatch":[{"appium:app":"C:\\Users\\Swadhin\\Pictures\\framework\\src\\app-debug.apk","appium:deviceName":"OnePlus","appium:newCommandTimeout":20,"platformName":"android","appium:udid":"192.168.0.100:5555","version":"9"}]}]
[debug] &amp#27;[35m[BaseDriver]&amp#27;[39m Event 'newSessionRequested' logged at 1562500124110 (17:18:44 GMT+0530 (India Standard Time))
&amp#27;[35m[BaseDriver]&amp#27;[39m The capabilities ["version"] are not standard capabilities and should have an extension prefix
&amp#27;[35m[Appium]&amp#27;[39m 
&amp#27;[35m[Appium]&amp#27;[39m ======================================================================
&amp#27;[35m[Appium]&amp#27;[39m   DEPRECATION WARNING:
&amp#27;[35m[Appium]&amp#27;[39m 
&amp#27;[35m[Appium]&amp#27;[39m   The 'automationName' capability was not provided in the desired 
&amp#27;[35m[Appium]&amp#27;[39m   capabilities for this Android session
&amp#27;[35m[Appium]&amp#27;[39m 
&amp#27;[35m[Appium]&amp#27;[39m   Setting 'automationName=UiAutomator1' by default and using the 
&amp#27;[35m[Appium]&amp#27;[39m   UiAutomator1 Driver
&amp#27;[35m[Appium]&amp#27;[39m 
&amp#27;[35m[Appium]&amp#27;[39m   The next minor version of Appium (1.14.x) will set 
&amp#27;[35m[Appium]&amp#27;[39m   'automationName=UiAutomator2' by default and use the UiAutomator2 
&amp#27;[35m[Appium]&amp#27;[39m   Driver
&amp#27;[35m[Appium]&amp#27;[39m 
&amp#27;[35m[Appium]&amp#27;[39m   The next major version of Appium (2.x) will **require** the 
&amp#27;[35m[Appium]&amp#27;[39m   'automationName' capability to be set for all sessions on all 
&amp#27;[35m[Appium]&amp#27;[39m   platforms
&amp#27;[35m[Appium]&amp#27;[39m 
&amp#27;[35m[Appium]&amp#27;[39m   If you are happy with 'UiAutomator1' and do not wish to upgrade 
&amp#27;[35m[Appium]&amp#27;[39m   Android drivers, please add 'automationName=UiAutomator1' to your 
&amp#27;[35m[Appium]&amp#27;[39m   desired capabilities
&amp#27;[35m[Appium]&amp#27;[39m 
&amp#27;[35m[Appium]&amp#27;[39m   For more information about drivers, please visit 
&amp#27;[35m[Appium]&amp#27;[39m   http://appium.io/docs/en/about-appium/intro/ and explore the 
&amp#27;[35m[Appium]&amp#27;[39m   'Drivers' menu
&amp#27;[35m[Appium]&amp#27;[39m 
&amp#27;[35m[Appium]&amp#27;[39m ======================================================================
&amp#27;[35m[Appium]&amp#27;[39m 
&amp#27;[35m[Appium]&amp#27;[39m Setting automation to 'UiAutomator1'. 
&amp#27;[35m[Appium]&amp#27;[39m Appium v1.13.0 creating new AndroidDriver (v4.15.1) session
&amp#27;[35m[Appium]&amp#27;[39m Capabilities:
&amp#27;[35m[Appium]&amp#27;[39m   platformName: android
&amp#27;[35m[Appium]&amp#27;[39m   version: 9
&amp#27;[35m[Appium]&amp#27;[39m   app: C:\Users\Swadhin\Pictures\framework\src\app-debug.apk
&amp#27;[35m[Appium]&amp#27;[39m   deviceName: OnePlus
&amp#27;[35m[Appium]&amp#27;[39m   newCommandTimeout: 20
&amp#27;[35m[Appium]&amp#27;[39m   udid: 192.168.0.100:5555
[debug] &amp#27;[35m[BaseDriver]&amp#27;[39m W3C capabilities {"alwaysMatch":{"platformNa... and MJSONWP desired capabilities {"app":"C:\\Users\\Swadhin\... were provided
[debug] &amp#27;[35m[BaseDriver]&amp#27;[39m Creating session with W3C capabilities: {"alwaysMatch":{"platformNa...
&amp#27;[35m[BaseDriver]&amp#27;[39m The following capabilities were provided, but are not recognized by appium: version.
&amp#27;[35m[BaseDriver]&amp#27;[39m Session created with session id: 956d14c2-2031-44ff-9dcc-cd3a91000835
&amp#27;[35m[ADB]&amp#27;[39m Using 'adb.exe' from 'C:\Users\Swadhin\AppData\Local\Android\Sdk\platform-tools\adb.exe'
&amp#27;[35m[AndroidDriver]&amp#27;[39m Retrieving device list
[debug] &amp#27;[35m[ADB]&amp#27;[39m Trying to find a connected android device
[debug] &amp#27;[35m[ADB]&amp#27;[39m Getting connected devices...
[debug] &amp#27;[35m[ADB]&amp#27;[39m 1 device(s) connected
&amp#27;[35m[AndroidDriver]&amp#27;[39m Using device: 192.168.0.100:5555
&amp#27;[35m[ADB]&amp#27;[39m Using 'adb.exe' from 'C:\Users\Swadhin\AppData\Local\Android\Sdk\platform-tools\adb.exe'
[debug] &amp#27;[35m[ADB]&amp#27;[39m Setting device id to 192.168.0.100:5555
[debug] &amp#27;[35m[ADB]&amp#27;[39m Running 'C:\Users\Swadhin\AppData\Local\Android\Sdk\platform-tools\adb.exe -P 5037 -s 192.168.0.100\:5555 shell getprop ro.build.version.sdk'
[debug] &amp#27;[35m[ADB]&amp#27;[39m Current device property 'ro.build.version.sdk': 28
[debug] &amp#27;[35m[ADB]&amp#27;[39m Running 'C:\Users\Swadhin\AppData\Local\Android\Sdk\platform-tools\adb.exe -P 5037 -s 192.168.0.100\:5555 shell getprop ro.build.version.release'
[debug] &amp#27;[35m[ADB]&amp#27;[39m Current device property 'ro.build.version.release': 9
[debug] &amp#27;[35m[ADB]&amp#27;[39m Device API level: 28
&amp#27;[35m[AndroidDriver]&amp#27;[39m Consider setting 'automationName' capability to 'uiautomator2' on Android >= 6, since UIAutomator framework is not maintained anymore by the OS vendor.
&amp#27;[35m[BaseDriver]&amp#27;[39m Using local app 'C:\Users\Swadhin\Pictures\framework\src\app-debug.apk'
[debug] &amp#27;[35m[AndroidDriver]&amp#27;[39m Checking whether app is actually present
&amp#27;[35m[AndroidDriver]&amp#27;[39m Starting Android session
[debug] &amp#27;[35m[ADB]&amp#27;[39m Running 'C:\Users\Swadhin\AppData\Local\Android\Sdk\platform-tools\adb.exe -P 5037 -s 192.168.0.100\:5555 wait-for-device'
[debug] &amp#27;[35m[ADB]&amp#27;[39m Running 'C:\Users\Swadhin\AppData\Local\Android\Sdk\platform-tools\adb.exe -P 5037 -s 192.168.0.100\:5555 shell echo ping'
[debug] &amp#27;[35m[AndroidDriver]&amp#27;[39m Pushing settings apk to device...
[debug] &amp#27;[35m[ADB]&amp#27;[39m Getting install status for io.appium.settings
[debug] &amp#27;[35m[ADB]&amp#27;[39m Running 'C:\Users\Swadhin\AppData\Local\Android\Sdk\platform-tools\adb.exe -P 5037 -s 192.168.0.100\:5555 shell dumpsys package io.appium.settings'
[debug] &amp#27;[35m[ADB]&amp#27;[39m 'io.appium.settings' is installed
[debug] &amp#27;[35m[ADB]&amp#27;[39m Getting package info for 'io.appium.settings'
[debug] &amp#27;[35m[ADB]&amp#27;[39m Running 'C:\Users\Swadhin\AppData\Local\Android\Sdk\platform-tools\adb.exe -P 5037 -s 192.168.0.100\:5555 shell dumpsys package io.appium.settings'
&amp#27;[35m[ADB]&amp#27;[39m Using 'aapt.exe' from 'C:\Users\Swadhin\AppData\Local\Android\Sdk\build-tools\28.0.3\aapt.exe'
[debug] &amp#27;[35m[ADB]&amp#27;[39m The version name of the installed 'io.appium.settings' is greater or equal to the application version name ('2.14.0' >= '2.14.0')
[debug] &amp#27;[35m[ADB]&amp#27;[39m There is no need to install/upgrade 'C:\Users\Swadhin\AppData\Roaming\npm\node_modules\appium\node_modules\io.appium.settings\apks\settings_apk-debug.apk'
[debug] &amp#27;[35m[ADB]&amp#27;[39m Getting IDs of all 'io.appium.settings' processes
[debug] &amp#27;[35m[ADB]&amp#27;[39m Running 'C:\Users\Swadhin\AppData\Local\Android\Sdk\platform-tools\adb.exe -P 5037 -s 192.168.0.100\:5555 shell 'pgrep --help; echo $?''
[debug] &amp#27;[35m[ADB]&amp#27;[39m Running 'C:\Users\Swadhin\AppData\Local\Android\Sdk\platform-tools\adb.exe -P 5037 -s 192.168.0.100\:5555 shell pgrep -f io\\.appium\\.settings'
[debug] &amp#27;[35m[AndroidDriver]&amp#27;[39m io.appium.settings is already running. There is no need to reset its permissions.
[debug] &amp#27;[35m[ADB]&amp#27;[39m Running 'C:\Users\Swadhin\AppData\Local\Android\Sdk\platform-tools\adb.exe -P 5037 -s 192.168.0.100\:5555 shell appops set io.appium.settings android\:mock_location allow'
[debug] &amp#27;[35m[Logcat]&amp#27;[39m Starting logcat capture
&amp#27;[35m[ADB]&amp#27;[39m Getting device platform version
[debug] &amp#27;[35m[ADB]&amp#27;[39m Running 'C:\Users\Swadhin\AppData\Local\Android\Sdk\platform-tools\adb.exe -P 5037 -s 192.168.0.100\:5555 shell getprop ro.build.version.release'
[debug] &amp#27;[35m[ADB]&amp#27;[39m Current device property 'ro.build.version.release': 9
[debug] &amp#27;[35m[ADB]&amp#27;[39m Running 'C:\Users\Swadhin\AppData\Local\Android\Sdk\platform-tools\adb.exe -P 5037 -s 192.168.0.100\:5555 shell wm size'
[debug] &amp#27;[35m[ADB]&amp#27;[39m Running 'C:\Users\Swadhin\AppData\Local\Android\Sdk\platform-tools\adb.exe -P 5037 -s 192.168.0.100\:5555 shell getprop ro.product.model'
[debug] &amp#27;[35m[ADB]&amp#27;[39m Current device property 'ro.product.model': ONEPLUS A5010
[debug] &amp#27;[35m[ADB]&amp#27;[39m Running 'C:\Users\Swadhin\AppData\Local\Android\Sdk\platform-tools\adb.exe -P 5037 -s 192.168.0.100\:5555 shell getprop ro.product.manufacturer'
[debug] &amp#27;[35m[ADB]&amp#27;[39m Current device property 'ro.product.manufacturer': OnePlus
[debug] &amp#27;[35m[AndroidDriver]&amp#27;[39m Parsing package and activity from app manifest
&amp#27;[35m[ADB]&amp#27;[39m Using the alternative activity name detection method because of: Could not find 'apkanalyzer.bat' in ["C:\\Users\\Swadhin\\AppData\\Local\\Android\\Sdk\\platform-tools\\apkanalyzer.bat","C:\\Users\\Swadhin\\AppData\\Local\\Android\\Sdk\\emulator\\apkanalyzer.bat","C:\\Users\\Swadhin\\AppData\\Local\\Android\\Sdk\\tools\\apkanalyzer.bat","C:\\Users\\Swadhin\\AppData\\Local\\Android\\Sdk\\tools\\bin\\apkanalyzer.bat","C:\\Users\\Swadhin\\AppData\\Local\\Android\\Sdk\\build-tools\\28.0.3\\apkanalyzer.bat","C:\\Users\\Swadhin\\AppData\\Local\\Android\\Sdk\\build-tools\\26.0.2\\apkanalyzer.bat","C:\\Users\\Swadhin\\AppData\\Local\\Android\\Sdk\\build-tools\\24.0.1\\apkanalyzer.bat"]. Do you have Android Build Tools installed at 'C:\Users\Swadhin\AppData\Local\Android\Sdk'?
&amp#27;[35m[ADB]&amp#27;[39m Extracting package and launch activity from manifest
&amp#27;[35m[ADB]&amp#27;[39m Package name: 'com.delvo.commerce'
&amp#27;[35m[ADB]&amp#27;[39m Main activity name: 'com.delvo.commerce.SplashActivity'
[debug] &amp#27;[35m[AndroidDriver]&amp#27;[39m Parsed package and activity are: com.delvo.commerce/com.delvo.commerce.SplashActivity
[debug] &amp#27;[35m[ADB]&amp#27;[39m Getting install status for com.delvo.commerce
[debug] &amp#27;[35m[ADB]&amp#27;[39m Running 'C:\Users\Swadhin\AppData\Local\Android\Sdk\platform-tools\adb.exe -P 5037 -s 192.168.0.100\:5555 shell dumpsys package com.delvo.commerce'
[debug] &amp#27;[35m[ADB]&amp#27;[39m 'com.delvo.commerce' is installed
[debug] &amp#27;[35m[ADB]&amp#27;[39m Getting install status for com.delvo.commerce
[debug] &amp#27;[35m[ADB]&amp#27;[39m Running 'C:\Users\Swadhin\AppData\Local\Android\Sdk\platform-tools\adb.exe -P 5037 -s 192.168.0.100\:5555 shell dumpsys package com.delvo.commerce'
[debug] &amp#27;[35m[ADB]&amp#27;[39m 'com.delvo.commerce' is installed
[debug] &amp#27;[35m[ADB]&amp#27;[39m Getting package info for 'com.delvo.commerce'
[debug] &amp#27;[35m[ADB]&amp#27;[39m Running 'C:\Users\Swadhin\AppData\Local\Android\Sdk\platform-tools\adb.exe -P 5037 -s 192.168.0.100\:5555 shell dumpsys package com.delvo.commerce'
[debug] &amp#27;[35m[ADB]&amp#27;[39m The version name of the installed 'com.delvo.commerce' is greater or equal to the application version name ('1.0.0' >= '1.0.0')
[debug] &amp#27;[35m[ADB]&amp#27;[39m There is no need to install/upgrade 'C:\Users\Swadhin\Pictures\framework\src\app-debug.apk'
&amp#27;[35m[AndroidDriver]&amp#27;[39m Performing fast reset on 'com.delvo.commerce'
[debug] &amp#27;[35m[ADB]&amp#27;[39m Getting install status for com.delvo.commerce
[debug] &amp#27;[35m[ADB]&amp#27;[39m Running 'C:\Users\Swadhin\AppData\Local\Android\Sdk\platform-tools\adb.exe -P 5037 -s 192.168.0.100\:5555 shell dumpsys package com.delvo.commerce'
[debug] &amp#27;[35m[ADB]&amp#27;[39m 'com.delvo.commerce' is installed
[debug] &amp#27;[35m[ADB]&amp#27;[39m Running 'C:\Users\Swadhin\AppData\Local\Android\Sdk\platform-tools\adb.exe -P 5037 -s 192.168.0.100\:5555 shell am force-stop com.delvo.commerce'
[debug] &amp#27;[35m[ADB]&amp#27;[39m Running 'C:\Users\Swadhin\AppData\Local\Android\Sdk\platform-tools\adb.exe -P 5037 -s 192.168.0.100\:5555 shell pm clear com.delvo.commerce'
[debug] &amp#27;[35m[AndroidDriver]&amp#27;[39m Performed fast reset on the installed 'com.delvo.commerce' application (stop and clear)
[debug] &amp#27;[35m[ADB]&amp#27;[39m Running 'C:\Users\Swadhin\AppData\Local\Android\Sdk\platform-tools\adb.exe -P 5037 -s 192.168.0.100\:5555 shell rm -rf /data/local/tmp/strings.json'
[debug] &amp#27;[35m[AndroidDriver]&amp#27;[39m Extracting strings from apk
[debug] &amp#27;[35m[AndroidDriver]&amp#27;[39m C:\Users\Swadhin\Pictures\framework\src\app-debug.apk
[debug] &amp#27;[35m[AndroidDriver]&amp#27;[39m null
[debug] &amp#27;[35m[AndroidDriver]&amp#27;[39m C:\Users\Swadhin\AppData\Local\Temp\com.delvo.commerce
[debug] &amp#27;[35m[ADB]&amp#27;[39m Extracting strings from for language: default
&amp#27;[35m[ADB]&amp#27;[39m Successfully extracted 95 strings from 'C:\Users\Swadhin\Pictures\framework\src\app-debug.apk' resources for '(default)' configuration
[debug] &amp#27;[35m[ADB]&amp#27;[39m Running 'C:\Users\Swadhin\AppData\Local\Android\Sdk\platform-tools\adb.exe -P 5037 -s 192.168.0.100\:5555 shell mkdir -p /data/local'
[debug] &amp#27;[35m[ADB]&amp#27;[39m Running 'C:\Users\Swadhin\AppData\Local\Android\Sdk\platform-tools\adb.exe -P 5037 -s 192.168.0.100\:5555 push C\:\\Users\\Swadhin\\AppData\\Local\\Temp\\com.delvo.commerce\\strings.json /data/local/tmp'
[debug] &amp#27;[35m[AndroidBootstrap]&amp#27;[39m Watching for bootstrap disconnect
[debug] &amp#27;[35m[ADB]&amp#27;[39m Forwarding system: 4724 to device: 4724
[debug] &amp#27;[35m[ADB]&amp#27;[39m Running 'C:\Users\Swadhin\AppData\Local\Android\Sdk\platform-tools\adb.exe -P 5037 -s 192.168.0.100\:5555 forward tcp\:4724 tcp\:4724'
[debug] &amp#27;[35m[UiAutomator]&amp#27;[39m Starting UiAutomator
[debug] &amp#27;[35m[UiAutomator]&amp#27;[39m Moving to state 'starting'
[debug] &amp#27;[35m[UiAutomator]&amp#27;[39m Parsing uiautomator jar
[debug] &amp#27;[35m[UiAutomator]&amp#27;[39m Found jar name: 'AppiumBootstrap.jar'
[debug] &amp#27;[35m[ADB]&amp#27;[39m Running 'C:\Users\Swadhin\AppData\Local\Android\Sdk\platform-tools\adb.exe -P 5037 -s 192.168.0.100\:5555 shell mkdir -p /data/local'
[debug] &amp#27;[35m[ADB]&amp#27;[39m Running 'C:\Users\Swadhin\AppData\Local\Android\Sdk\platform-tools\adb.exe -P 5037 -s 192.168.0.100\:5555 push C\:\\Users\\Swadhin\\AppData\\Roaming\\npm\\node_modules\\appium\\node_modules\\appium-android-driver\\bootstrap\\bin\\AppiumBootstrap.jar /data/local/tmp/'
[debug] &amp#27;[35m[ADB]&amp#27;[39m Attempting to kill all uiautomator processes
[debug] &amp#27;[35m[ADB]&amp#27;[39m Getting IDs of all 'uiautomator' processes
[debug] &amp#27;[35m[ADB]&amp#27;[39m Running 'C:\Users\Swadhin\AppData\Local\Android\Sdk\platform-tools\adb.exe -P 5037 -s 192.168.0.100\:5555 shell pgrep -f uiautomator'
[debug] &amp#27;[35m[ADB]&amp#27;[39m Attempting to kill process 22798
[debug] &amp#27;[35m[ADB]&amp#27;[39m Running 'C:\Users\Swadhin\AppData\Local\Android\Sdk\platform-tools\adb.exe -P 5037 -s 192.168.0.100\:5555 shell kill -0 22798'
[debug] &amp#27;[35m[ADB]&amp#27;[39m Running 'C:\Users\Swadhin\AppData\Local\Android\Sdk\platform-tools\adb.exe -P 5037 -s 192.168.0.100\:5555 shell kill 22798'
[debug] &amp#27;[35m[UiAutomator]&amp#27;[39m Moving to state 'stopped'
&amp#27;[35m[UiAutomator]&amp#27;[39m UiAutomator exited unexpectedly with code 143, signal null
[debug] &amp#27;[35m[AndroidDriver]&amp#27;[39m Shutting down Android driver
&amp#27;[35m[Appium]&amp#27;[39m Closing session, cause was 'UiAUtomator shut down unexpectedly'
&amp#27;[35m[Appium]&amp#27;[39m Removing session 41ace3df-71de-4b6e-a18a-842fedee59ac from our master session list
[debug] &amp#27;[35m[ADB]&amp#27;[39m Running 'C:\Users\Swadhin\AppData\Local\Android\Sdk\platform-tools\adb.exe -P 5037 -s 192.168.0.100\:5555 shell am force-stop com.delvo.commerce'
[debug] &amp#27;[35m[ADB]&amp#27;[39m Pressing the HOME button
[debug] &amp#27;[35m[ADB]&amp#27;[39m Running 'C:\Users\Swadhin\AppData\Local\Android\Sdk\platform-tools\adb.exe -P 5037 -s 192.168.0.100\:5555 shell input keyevent 3'
[debug] &amp#27;[35m[ADB]&amp#27;[39m Running 'C:\Users\Swadhin\AppData\Local\Android\Sdk\platform-tools\adb.exe -P 5037 -s 192.168.0.100\:5555 shell kill 22798'
[debug] &amp#27;[35m[UiAutomator]&amp#27;[39m Starting UIAutomator
[debug] &amp#27;[35m[ADB]&amp#27;[39m Creating ADB subprocess with args: ["-P",5037,"-s","192.168.0.100:5555","shell","uiautomator","runtest","AppiumBootstrap.jar","-c","io.appium.android.bootstrap.Bootstrap","-e","pkg","com.delvo.commerce","-e","disableAndroidWatchers",false,"-e","acceptSslCerts",false]
&amp#27;[35m[AndroidBootstrap]&amp#27;[39m Cannot shut down Android bootstrap; it has already shut down
[debug] &amp#27;[35m[Logcat]&amp#27;[39m Stopping logcat capture
[debug] &amp#27;[35m[ADB]&amp#27;[39m Running 'C:\Users\Swadhin\AppData\Local\Android\Sdk\platform-tools\adb.exe -P 5037 -s 192.168.0.100\:5555 shell am force-stop io.appium.unlock'
[debug] &amp#27;[35m[AndroidDriver]&amp#27;[39m Not cleaning generated files. Add `clearSystemFiles` capability if wanted.
[debug] &amp#27;[35m[UiAutomator]&amp#27;[39m Moving to state 'online'
&amp#27;[35m[AndroidBootstrap]&amp#27;[39m Android bootstrap socket is now connected
[debug] &amp#27;[35m[ADB]&amp#27;[39m Running 'C:\Users\Swadhin\AppData\Local\Android\Sdk\platform-tools\adb.exe -P 5037 -s 192.168.0.100\:5555 shell dumpsys window'
[debug] &amp#27;[35m[AndroidBootstrap]&amp#27;[39m [BOOTSTRAP LOG] [debug] Client connected
&amp#27;[35m[AndroidDriver]&amp#27;[39m Screen already unlocked, doing nothing
[debug] &amp#27;[35m[ADB]&amp#27;[39m Running 'C:\Users\Swadhin\AppData\Local\Android\Sdk\platform-tools\adb.exe -P 5037 -s 192.168.0.100\:5555 shell am start -W -n com.delvo.commerce/com.delvo.commerce.SplashActivity -S -a android.intent.action.MAIN -c android.intent.category.LAUNCHER -f 0x10200000'
[debug] &amp#27;[35m[ADB]&amp#27;[39m Waiting up to 20000ms for activity matching pkg: 'com.delvo.commerce' and activity: 'com.delvo.commerce.SplashActivity' to be focused
[debug] &amp#27;[35m[ADB]&amp#27;[39m Possible activities, to be checked: 'com.delvo.commerce.SplashActivity', 'com.delvo.commerce.com.delvo.commerce.SplashActivity'
[debug] &amp#27;[35m[ADB]&amp#27;[39m Getting focused package and activity
[debug] &amp#27;[35m[ADB]&amp#27;[39m Running 'C:\Users\Swadhin\AppData\Local\Android\Sdk\platform-tools\adb.exe -P 5037 -s 192.168.0.100\:5555 shell dumpsys window windows'
[debug] &amp#27;[35m[ADB]&amp#27;[39m Found package: 'com.delvo.commerce' and fully qualified activity name : 'com.delvo.commerce.SplashActivity'
&amp#27;[35m[Appium]&amp#27;[39m New AndroidDriver session created successfully, session 956d14c2-2031-44ff-9dcc-cd3a91000835 added to master session list
[debug] &amp#27;[35m[BaseDriver]&amp#27;[39m Event 'newSessionStarted' logged at 1562500130383 (17:18:50 GMT+0530 (India Standard Time))
[debug] &amp#27;[35m[W3C (956d14c2)]&amp#27;[39m Cached the protocol value 'W3C' for the new session 956d14c2-2031-44ff-9dcc-cd3a91000835
[debug] &amp#27;[35m[W3C (956d14c2)]&amp#27;[39m Responding to client with driver.createSession() result: {"capabilities":{"platform":"LINUX","webStorageEnabled":false,"takesScreenshot":true,"javascriptEnabled":true,"databaseEnabled":false,"networkConnectionEnabled":true,"locationContextEnabled":false,"warnings":{},"desired":{"platformName":"android","version":"9","app":"C:\\Users\\Swadhin\\Pictures\\framework\\src\\app-debug.apk","deviceName":"OnePlus","newCommandTimeout":20,"udid":"192.168.0.100:5555"},"platformName":"android","version":"9","app":"C:\\Users\\Swadhin\\Pictures\\framework\\src\\app-debug.apk","deviceName":"192.168.0.100:5555","newCommandTimeout":20,"udid":"192.168.0.100:5555","deviceUDID":"192.168.0.100:5555","platformVersion":"9","deviceScreenSize":"1080x2160","deviceModel":"ONEPLUS A5010","deviceManufacturer":"OnePlus","appPackage":"com.delvo.commerce","appWaitPackage":"com.delvo.commerce","appActivity":"com.delvo.commerce.SplashActivity","appWaitActivity":"com.delvo.commerce.SplashActivity"}}
&amp#27;[35m[HTTP]&amp#27;[39m &amp#27;[37m<-- POST /wd/hub/session &amp#27;[39m&amp#27;[32m200&amp#27;[39m &amp#27;[90m6278 ms - 982&amp#27;[39m
&amp#27;[35m[HTTP]&amp#27;[39m &amp#27;[90m&amp#27;[39m
&amp#27;[35m[HTTP]&amp#27;[39m &amp#27;[37m-->&amp#27;[39m &amp#27;[37mGET&amp#27;[39m &amp#27;[37m/wd/hub/session/956d14c2-2031-44ff-9dcc-cd3a91000835&amp#27;[39m
&amp#27;[35m[HTTP]&amp#27;[39m &amp#27;[90m{}&amp#27;[39m
[debug] &amp#27;[35m[W3C (956d14c2)]&amp#27;[39m Calling AppiumDriver.getSession() with args: ["956d14c2-2031-44ff-9dcc-cd3a91000835"]
[debug] &amp#27;[35m[W3C (956d14c2)]&amp#27;[39m Responding to client with driver.getSession() result: {"platform":"LINUX","webStorageEnabled":false,"takesScreenshot":true,"javascriptEnabled":true,"databaseEnabled":false,"networkConnectionEnabled":true,"locationContextEnabled":false,"warnings":{},"desired":{"platformName":"android","version":"9","app":"C:\\Users\\Swadhin\\Pictures\\framework\\src\\app-debug.apk","deviceName":"OnePlus","newCommandTimeout":20,"udid":"192.168.0.100:5555"},"platformName":"android","version":"9","app":"C:\\Users\\Swadhin\\Pictures\\framework\\src\\app-debug.apk","deviceName":"192.168.0.100:5555","newCommandTimeout":20,"udid":"192.168.0.100:5555","deviceUDID":"192.168.0.100:5555","platformVersion":"9","deviceScreenSize":"1080x2160","deviceModel":"ONEPLUS A5010","deviceManufacturer":"OnePlus","appPackage":"com.delvo.commerce","appWaitPackage":"com.delvo.commerce","appActivity":"com.delvo.commerce.SplashActivity","appWaitActivity":"com.delvo.commerce.SplashActivity"}
&amp#27;[35m[HTTP]&amp#27;[39m &amp#27;[37m<-- GET /wd/hub/session/956d14c2-2031-44ff-9dcc-cd3a91000835 &amp#27;[39m&amp#27;[32m200&amp#27;[39m &amp#27;[90m3 ms - 914&amp#27;[39m
&amp#27;[35m[HTTP]&amp#27;[39m &amp#27;[90m&amp#27;[39m
&amp#27;[35m[HTTP]&amp#27;[39m &amp#27;[37m-->&amp#27;[39m &amp#27;[37mGET&amp#27;[39m &amp#27;[37m/wd/hub/session/956d14c2-2031-44ff-9dcc-cd3a91000835&amp#27;[39m
&amp#27;[35m[HTTP]&amp#27;[39m &amp#27;[90m{}&amp#27;[39m
[debug] &amp#27;[35m[W3C (956d14c2)]&amp#27;[39m Calling AppiumDriver.getSession() with args: ["956d14c2-2031-44ff-9dcc-cd3a91000835"]
[debug] &amp#27;[35m[W3C (956d14c2)]&amp#27;[39m Responding to client with driver.getSession() result: {"platform":"LINUX","webStorageEnabled":false,"takesScreenshot":true,"javascriptEnabled":true,"databaseEnabled":false,"networkConnectionEnabled":true,"locationContextEnabled":false,"warnings":{},"desired":{"platformName":"android","version":"9","app":"C:\\Users\\Swadhin\\Pictures\\framework\\src\\app-debug.apk","deviceName":"OnePlus","newCommandTimeout":20,"udid":"192.168.0.100:5555"},"platformName":"android","version":"9","app":"C:\\Users\\Swadhin\\Pictures\\framework\\src\\app-debug.apk","deviceName":"192.168.0.100:5555","newCommandTimeout":20,"udid":"192.168.0.100:5555","deviceUDID":"192.168.0.100:5555","platformVersion":"9","deviceScreenSize":"1080x2160","deviceModel":"ONEPLUS A5010","deviceManufacturer":"OnePlus","appPackage":"com.delvo.commerce","appWaitPackage":"com.delvo.commerce","appActivity":"com.delvo.commerce.SplashActivity","appWaitActivity":"com.delvo.commerce.SplashActivity"}
&amp#27;[35m[HTTP]&amp#27;[39m &amp#27;[37m<-- GET /wd/hub/session/956d14c2-2031-44ff-9dcc-cd3a91000835 &amp#27;[39m&amp#27;[32m200&amp#27;[39m &amp#27;[90m3 ms - 914&amp#27;[39m
&amp#27;[35m[HTTP]&amp#27;[39m &amp#27;[90m&amp#27;[39m
&amp#27;[35m[HTTP]&amp#27;[39m &amp#27;[37m-->&amp#27;[39m &amp#27;[37mPOST&amp#27;[39m &amp#27;[37m/wd/hub/session/956d14c2-2031-44ff-9dcc-cd3a91000835/timeouts&amp#27;[39m
&amp#27;[35m[HTTP]&amp#27;[39m &amp#27;[90m{"implicit":30000}&amp#27;[39m
[debug] &amp#27;[35m[W3C (956d14c2)]&amp#27;[39m Calling AppiumDriver.timeouts() with args: [null,null,null,null,30000,"956d14c2-2031-44ff-9dcc-cd3a91000835"]
[debug] &amp#27;[35m[BaseDriver]&amp#27;[39m W3C timeout argument: {"implicit":30000}}
[debug] &amp#27;[35m[BaseDriver]&amp#27;[39m Set implicit wait to 30000ms
[debug] &amp#27;[35m[W3C (956d14c2)]&amp#27;[39m Responding to client with driver.timeouts() result: null
Appium Started......!
&amp#27;[35m[HTTP]&amp#27;[39m &amp#27;[37m<-- POST /wd/hub/session/956d14c2-2031-44ff-9dcc-cd3a91000835/timeouts &amp#27;[39m&amp#27;[32m200&amp#27;[39m &amp#27;[90m3 ms - 14&amp#27;[39m
&amp#27;[35m[HTTP]&amp#27;[39m &amp#27;[90m&amp#27;[39m
&amp#27;[35m[HTTP]&amp#27;[39m &amp#27;[37m-->&amp#27;[39m &amp#27;[37mGET&amp#27;[39m &amp#27;[37m/wd/hub/session/956d14c2-2031-44ff-9dcc-cd3a91000835&amp#27;[39m
&amp#27;[35m[HTTP]&amp#27;[39m &amp#27;[90m{}&amp#27;[39m
[debug] &amp#27;[35m[W3C (956d14c2)]&amp#27;[39m Calling AppiumDriver.getSession() with args: ["956d14c2-2031-44ff-9dcc-cd3a91000835"]
[debug] &amp#27;[35m[W3C (956d14c2)]&amp#27;[39m Responding to client with driver.getSession() result: {"platform":"LINUX","webStorageEnabled":false,"takesScreenshot":true,"javascriptEnabled":true,"databaseEnabled":false,"networkConnectionEnabled":true,"locationContextEnabled":false,"warnings":{},"desired":{"platformName":"android","version":"9","app":"C:\\Users\\Swadhin\\Pictures\\framework\\src\\app-debug.apk","deviceName":"OnePlus","newCommandTimeout":20,"udid":"192.168.0.100:5555"},"platformName":"android","version":"9","app":"C:\\Users\\Swadhin\\Pictures\\framework\\src\\app-debug.apk","deviceName":"192.168.0.100:5555","newCommandTimeout":20,"udid":"192.168.0.100:5555","deviceUDID":"192.168.0.100:5555","platformVersion":"9","deviceScreenSize":"1080x2160","deviceModel":"ONEPLUS A5010","deviceManufacturer":"OnePlus","appPackage":"com.delvo.commerce","appWaitPackage":"com.delvo.commerce","appActivity":"com.delvo.commerce.SplashActivity","appWaitActivity":"com.delvo.commerce.SplashActivity"}
&amp#27;[35m[HTTP]&amp#27;[39m &amp#27;[37m<-- GET /wd/hub/session/956d14c2-2031-44ff-9dcc-cd3a91000835 &amp#27;[39m&amp#27;[32m200&amp#27;[39m &amp#27;[90m3 ms - 914&amp#27;[39m
&amp#27;[35m[HTTP]&amp#27;[39m &amp#27;[90m&amp#27;[39m
&amp#27;[35m[HTTP]&amp#27;[39m &amp#27;[37m-->&amp#27;[39m &amp#27;[37mGET&amp#27;[39m &amp#27;[37m/wd/hub/session/956d14c2-2031-44ff-9dcc-cd3a91000835&amp#27;[39m
&amp#27;[35m[HTTP]&amp#27;[39m &amp#27;[90m{}&amp#27;[39m
[debug] &amp#27;[35m[W3C (956d14c2)]&amp#27;[39m Calling AppiumDriver.getSession() with args: ["956d14c2-2031-44ff-9dcc-cd3a91000835"]
[debug] &amp#27;[35m[W3C (956d14c2)]&amp#27;[39m Responding to client with driver.getSession() result: {"platform":"LINUX","webStorageEnabled":false,"takesScreenshot":true,"javascriptEnabled":true,"databaseEnabled":false,"networkConnectionEnabled":true,"locationContextEnabled":false,"warnings":{},"desired":{"platformName":"android","version":"9","app":"C:\\Users\\Swadhin\\Pictures\\framework\\src\\app-debug.apk","deviceName":"OnePlus","newCommandTimeout":20,"udid":"192.168.0.100:5555"},"platformName":"android","version":"9","app":"C:\\Users\\Swadhin\\Pictures\\framework\\src\\app-debug.apk","deviceName":"192.168.0.100:5555","newCommandTimeout":20,"udid":"192.168.0.100:5555","deviceUDID":"192.168.0.100:5555","platformVersion":"9","deviceScreenSize":"1080x2160","deviceModel":"ONEPLUS A5010","deviceManufacturer":"OnePlus","appPackage":"com.delvo.commerce","appWaitPackage":"com.delvo.commerce","appActivity":"com.delvo.commerce.SplashActivity","appWaitActivity":"com.delvo.commerce.SplashActivity"}
&amp#27;[35m[HTTP]&amp#27;[39m &amp#27;[37m<-- GET /wd/hub/session/956d14c2-2031-44ff-9dcc-cd3a91000835 &amp#27;[39m&amp#27;[32m200&amp#27;[39m &amp#27;[90m3 ms - 914&amp#27;[39m
&amp#27;[35m[HTTP]&amp#27;[39m &amp#27;[90m&amp#27;[39m
Entering Login Method
&amp#27;[35m[HTTP]&amp#27;[39m &amp#27;[37m-->&amp#27;[39m &amp#27;[37mGET&amp#27;[39m &amp#27;[37m/wd/hub/session/956d14c2-2031-44ff-9dcc-cd3a91000835&amp#27;[39m
&amp#27;[35m[HTTP]&amp#27;[39m &amp#27;[90m{}&amp#27;[39m
[debug] &amp#27;[35m[W3C (956d14c2)]&amp#27;[39m Calling AppiumDriver.getSession() with args: ["956d14c2-2031-44ff-9dcc-cd3a91000835"]
[debug] &amp#27;[35m[W3C (956d14c2)]&amp#27;[39m Responding to client with driver.getSession() result: {"platform":"LINUX","webStorageEnabled":false,"takesScreenshot":true,"javascriptEnabled":true,"databaseEnabled":false,"networkConnectionEnabled":true,"locationContextEnabled":false,"warnings":{},"desired":{"platformName":"android","version":"9","app":"C:\\Users\\Swadhin\\Pictures\\framework\\src\\app-debug.apk","deviceName":"OnePlus","newCommandTimeout":20,"udid":"192.168.0.100:5555"},"platformName":"android","version":"9","app":"C:\\Users\\Swadhin\\Pictures\\framework\\src\\app-debug.apk","deviceName":"192.168.0.100:5555","newCommandTimeout":20,"udid":"192.168.0.100:5555","deviceUDID":"192.168.0.100:5555","platformVersion":"9","deviceScreenSize":"1080x2160","deviceModel":"ONEPLUS A5010","deviceManufacturer":"OnePlus","appPackage":"com.delvo.commerce","appWaitPackage":"com.delvo.commerce","appActivity":"com.delvo.commerce.SplashActivity","appWaitActivity":"com.delvo.commerce.SplashActivity"}
&amp#27;[35m[HTTP]&amp#27;[39m &amp#27;[37m<-- GET /wd/hub/session/956d14c2-2031-44ff-9dcc-cd3a91000835 &amp#27;[39m&amp#27;[32m200&amp#27;[39m &amp#27;[90m5 ms - 914&amp#27;[39m
&amp#27;[35m[HTTP]&amp#27;[39m &amp#27;[90m&amp#27;[39m
&amp#27;[35m[HTTP]&amp#27;[39m &amp#27;[37m-->&amp#27;[39m &amp#27;[37mPOST&amp#27;[39m &amp#27;[37m/wd/hub/session/956d14c2-2031-44ff-9dcc-cd3a91000835/element&amp#27;[39m
&amp#27;[35m[HTTP]&amp#27;[39m &amp#27;[90m{"using":"id","value":"sign_in_email"}&amp#27;[39m
[debug] &amp#27;[35m[W3C (956d14c2)]&amp#27;[39m Calling AppiumDriver.findElement() with args: ["id","sign_in_email","956d14c2-2031-44ff-9dcc-cd3a91000835"]
[debug] &amp#27;[35m[BaseDriver]&amp#27;[39m Valid locator strategies for this request: xpath, id, class name, accessibility id, -android uiautomator
[debug] &amp#27;[35m[BaseDriver]&amp#27;[39m Waiting up to 30000 ms for condition
[debug] &amp#27;[35m[AndroidBootstrap]&amp#27;[39m Sending command to android: {"cmd":"action","action":"find","params":{"strategy":"id","selector":"sign_in_email","context":"","multiple":false}}
[debug] &amp#27;[35m[AndroidBootstrap]&amp#27;[39m [BOOTSTRAP LOG] [debug] Got data from client: {"cmd":"action","action":"find","params":{"strategy":"id","selector":"sign_in_email","context":"","multiple":false}}
[debug] &amp#27;[35m[AndroidBootstrap]&amp#27;[39m [BOOTSTRAP LOG] [debug] Got command of type ACTION
[debug] &amp#27;[35m[AndroidBootstrap]&amp#27;[39m [BOOTSTRAP LOG] [debug] Got command action: find
[debug] &amp#27;[35m[AndroidBootstrap]&amp#27;[39m [BOOTSTRAP LOG] [debug] Finding 'sign_in_email' using 'ID' with the contextId: '' multiple: false
[debug] &amp#27;[35m[AndroidBootstrap]&amp#27;[39m [BOOTSTRAP LOG] [debug] Using: UiSelector[INSTANCE=0, RESOURCE_ID=com.delvo.commerce:id/sign_in_email]
[debug] &amp#27;[35m[AndroidBootstrap]&amp#27;[39m [BOOTSTRAP LOG] [debug] Using: UiSelector[INSTANCE=0, RESOURCE_ID=android:id/sign_in_email]
[debug] &amp#27;[35m[AndroidBootstrap]&amp#27;[39m [BOOTSTRAP LOG] [debug] Using: UiSelector[INSTANCE=0, RESOURCE_ID=sign_in_email]
[debug] &amp#27;[35m[AndroidBootstrap]&amp#27;[39m [BOOTSTRAP LOG] [debug] Using: UiSelector[DESCRIPTION=sign_in_email, INSTANCE=0]
[debug] &amp#27;[35m[AndroidBootstrap]&amp#27;[39m [BOOTSTRAP LOG] [debug] Failed to locate element. Clearing Accessibility cache and retrying.
[debug] &amp#27;[35m[AndroidBootstrap]&amp#27;[39m [BOOTSTRAP LOG] [debug] Finding 'sign_in_email' using 'ID' with the contextId: '' multiple: false
[debug] &amp#27;[35m[AndroidBootstrap]&amp#27;[39m [BOOTSTRAP LOG] [debug] Using: UiSelector[INSTANCE=0, RESOURCE_ID=com.delvo.commerce:id/sign_in_email]
[debug] &amp#27;[35m[AndroidBootstrap]&amp#27;[39m [BOOTSTRAP LOG] [debug] Using: UiSelector[INSTANCE=0, RESOURCE_ID=android:id/sign_in_email]
[debug] &amp#27;[35m[AndroidBootstrap]&amp#27;[39m [BOOTSTRAP LOG] [debug] Using: UiSelector[INSTANCE=0, RESOURCE_ID=sign_in_email]
[debug] &amp#27;[35m[AndroidBootstrap]&amp#27;[39m [BOOTSTRAP LOG] [debug] Using: UiSelector[DESCRIPTION=sign_in_email, INSTANCE=0]
[debug] &amp#27;[35m[AndroidBootstrap]&amp#27;[39m Received command result from bootstrap
[debug] &amp#27;[35m[MJSONWP]&amp#27;[39m Matched JSONWP error code 7 to NoSuchElementError
[debug] &amp#27;[35m[BaseDriver]&amp#27;[39m Waited for 263 ms so far
[debug] &amp#27;[35m[AndroidBootstrap]&amp#27;[39m [BOOTSTRAP LOG] [debug] Returning result: {"status":7,"value":"No element found"}
[debug] &amp#27;[35m[AndroidBootstrap]&amp#27;[39m Sending command to android: {"cmd":"action","action":"find","params":{"strategy":"id","selector":"sign_in_email","context":"","multiple":false}}
[debug] &amp#27;[35m[AndroidBootstrap]&amp#27;[39m [BOOTSTRAP LOG] [debug] Got data from client: {"cmd":"action","action":"find","params":{"strategy":"id","selector":"sign_in_email","context":"","multiple":false}}
[debug] &amp#27;[35m[AndroidBootstrap]&amp#27;[39m [BOOTSTRAP LOG] [debug] Got command of type ACTION
[debug] &amp#27;[35m[AndroidBootstrap]&amp#27;[39m [BOOTSTRAP LOG] [debug] Got command action: find
[debug] &amp#27;[35m[AndroidBootstrap]&amp#27;[39m [BOOTSTRAP LOG] [debug] Finding 'sign_in_email' using 'ID' with the contextId: '' multiple: false
[debug] &amp#27;[35m[AndroidBootstrap]&amp#27;[39m [BOOTSTRAP LOG] [debug] Using: UiSelector[INSTANCE=0, RESOURCE_ID=com.delvo.commerce:id/sign_in_email]
[debug] &amp#27;[35m[AndroidBootstrap]&amp#27;[39m [BOOTSTRAP LOG] [debug] Using: UiSelector[INSTANCE=0, RESOURCE_ID=android:id/sign_in_email]
[debug] &amp#27;[35m[AndroidBootstrap]&amp#27;[39m [BOOTSTRAP LOG] [debug] Using: UiSelector[INSTANCE=0, RESOURCE_ID=sign_in_email]
[debug] &amp#27;[35m[AndroidBootstrap]&amp#27;[39m [BOOTSTRAP LOG] [debug] Using: UiSelector[DESCRIPTION=sign_in_email, INSTANCE=0]
[debug] &amp#27;[35m[AndroidBootstrap]&amp#27;[39m [BOOTSTRAP LOG] [debug] Failed to locate element. Clearing Accessibility cache and retrying.
[debug] &amp#27;[35m[AndroidBootstrap]&amp#27;[39m [BOOTSTRAP LOG] [debug] Finding 'sign_in_email' using 'ID' with the contextId: '' multiple: false
[debug] &amp#27;[35m[AndroidBootstrap]&amp#27;[39m [BOOTSTRAP LOG] [debug] Using: UiSelector[INSTANCE=0, RESOURCE_ID=com.delvo.commerce:id/sign_in_email]
[debug] &amp#27;[35m[AndroidBootstrap]&amp#27;[39m [BOOTSTRAP LOG] [debug] Using: UiSelector[INSTANCE=0, RESOURCE_ID=android:id/sign_in_email]
[debug] &amp#27;[35m[AndroidBootstrap]&amp#27;[39m [BOOTSTRAP LOG] [debug] Using: UiSelector[INSTANCE=0, RESOURCE_ID=sign_in_email]
[debug] &amp#27;[35m[AndroidBootstrap]&amp#27;[39m [BOOTSTRAP LOG] [debug] Using: UiSelector[DESCRIPTION=sign_in_email, INSTANCE=0]
[debug] &amp#27;[35m[AndroidBootstrap]&amp#27;[39m Received command result from bootstrap
[debug] &amp#27;[35m[MJSONWP]&amp#27;[39m Matched JSONWP error code 7 to NoSuchElementError
[debug] &amp#27;[35m[BaseDriver]&amp#27;[39m Waited for 1002 ms so far
[debug] &amp#27;[35m[AndroidBootstrap]&amp#27;[39m [BOOTSTRAP LOG] [debug] Returning result: {"status":7,"value":"No element found"}
[debug] &amp#27;[35m[AndroidBootstrap]&amp#27;[39m Sending command to android: {"cmd":"action","action":"find","params":{"strategy":"id","selector":"sign_in_email","context":"","multiple":false}}
[debug] &amp#27;[35m[AndroidBootstrap]&amp#27;[39m [BOOTSTRAP LOG] [debug] Got data from client: {"cmd":"action","action":"find","params":{"strategy":"id","selector":"sign_in_email","context":"","multiple":false}}
[debug] &amp#27;[35m[AndroidBootstrap]&amp#27;[39m [BOOTSTRAP LOG] [debug] Got command of type ACTION
[debug] &amp#27;[35m[AndroidBootstrap]&amp#27;[39m [BOOTSTRAP LOG] [debug] Got command action: find
[debug] &amp#27;[35m[AndroidBootstrap]&amp#27;[39m [BOOTSTRAP LOG] [debug] Finding 'sign_in_email' using 'ID' with the contextId: '' multiple: false
[debug] &amp#27;[35m[AndroidBootstrap]&amp#27;[39m [BOOTSTRAP LOG] [debug] Using: UiSelector[INSTANCE=0, RESOURCE_ID=com.delvo.commerce:id/sign_in_email]
[debug] &amp#27;[35m[AndroidBootstrap]&amp#27;[39m [BOOTSTRAP LOG] [debug] Using: UiSelector[INSTANCE=0, RESOURCE_ID=android:id/sign_in_email]
[debug] &amp#27;[35m[AndroidBootstrap]&amp#27;[39m [BOOTSTRAP LOG] [debug] Using: UiSelector[INSTANCE=0, RESOURCE_ID=sign_in_email]
[debug] &amp#27;[35m[AndroidBootstrap]&amp#27;[39m [BOOTSTRAP LOG] [debug] Using: UiSelector[DESCRIPTION=sign_in_email, INSTANCE=0]
[debug] &amp#27;[35m[AndroidBootstrap]&amp#27;[39m [BOOTSTRAP LOG] [debug] Failed to locate element. Clearing Accessibility cache and retrying.
[debug] &amp#27;[35m[AndroidBootstrap]&amp#27;[39m [BOOTSTRAP LOG] [debug] Finding 'sign_in_email' using 'ID' with the contextId: '' multiple: false
[debug] &amp#27;[35m[AndroidBootstrap]&amp#27;[39m [BOOTSTRAP LOG] [debug] Using: UiSelector[INSTANCE=0, RESOURCE_ID=com.delvo.commerce:id/sign_in_email]
[debug] &amp#27;[35m[AndroidBootstrap]&amp#27;[39m [BOOTSTRAP LOG] [debug] Using: UiSelector[INSTANCE=0, RESOURCE_ID=android:id/sign_in_email]
[debug] &amp#27;[35m[AndroidBootstrap]&amp#27;[39m [BOOTSTRAP LOG] [debug] Using: UiSelector[INSTANCE=0, RESOURCE_ID=sign_in_email]
[debug] &amp#27;[35m[AndroidBootstrap]&amp#27;[39m [BOOTSTRAP LOG] [debug] Using: UiSelector[DESCRIPTION=sign_in_email, INSTANCE=0]
[debug] &amp#27;[35m[AndroidBootstrap]&amp#27;[39m [BOOTSTRAP LOG] [debug] Returning result: {"status":7,"value":"No element found"}
[debug] &amp#27;[35m[AndroidBootstrap]&amp#27;[39m Received command result from bootstrap
[debug] &amp#27;[35m[MJSONWP]&amp#27;[39m Matched JSONWP error code 7 to NoSuchElementError
[debug] &amp#27;[35m[BaseDriver]&amp#27;[39m Waited for 1778 ms so far
[debug] &amp#27;[35m[AndroidBootstrap]&amp#27;[39m Sending command to android: {"cmd":"action","action":"find","params":{"strategy":"id","selector":"sign_in_email","context":"","multiple":false}}
[debug] &amp#27;[35m[AndroidBootstrap]&amp#27;[39m [BOOTSTRAP LOG] [debug] Got data from client: {"cmd":"action","action":"find","params":{"strategy":"id","selector":"sign_in_email","context":"","multiple":false}}
[debug] &amp#27;[35m[AndroidBootstrap]&amp#27;[39m [BOOTSTRAP LOG] [debug] Got command of type ACTION
[debug] &amp#27;[35m[AndroidBootstrap]&amp#27;[39m [BOOTSTRAP LOG] [debug] Got command action: find
[debug] &amp#27;[35m[AndroidBootstrap]&amp#27;[39m [BOOTSTRAP LOG] [debug] Finding 'sign_in_email' using 'ID' with the contextId: '' multiple: false
[debug] &amp#27;[35m[AndroidBootstrap]&amp#27;[39m [BOOTSTRAP LOG] [debug] Using: UiSelector[INSTANCE=0, RESOURCE_ID=com.delvo.commerce:id/sign_in_email]
[debug] &amp#27;[35m[AndroidBootstrap]&amp#27;[39m [BOOTSTRAP LOG] [debug] Using: UiSelector[INSTANCE=0, RESOURCE_ID=android:id/sign_in_email]
[debug] &amp#27;[35m[AndroidBootstrap]&amp#27;[39m [BOOTSTRAP LOG] [debug] Using: UiSelector[INSTANCE=0, RESOURCE_ID=sign_in_email]
[debug] &amp#27;[35m[AndroidBootstrap]&amp#27;[39m [BOOTSTRAP LOG] [debug] Using: UiSelector[DESCRIPTION=sign_in_email, INSTANCE=0]
[debug] &amp#27;[35m[AndroidBootstrap]&amp#27;[39m [BOOTSTRAP LOG] [debug] Failed to locate element. Clearing Accessibility cache and retrying.
[debug] &amp#27;[35m[AndroidBootstrap]&amp#27;[39m [BOOTSTRAP LOG] [debug] Finding 'sign_in_email' using 'ID' with the contextId: '' multiple: false
[debug] &amp#27;[35m[AndroidBootstrap]&amp#27;[39m [BOOTSTRAP LOG] [debug] Using: UiSelector[INSTANCE=0, RESOURCE_ID=com.delvo.commerce:id/sign_in_email]
[debug] &amp#27;[35m[AndroidBootstrap]&amp#27;[39m [BOOTSTRAP LOG] [debug] Using: UiSelector[INSTANCE=0, RESOURCE_ID=android:id/sign_in_email]
[debug] &amp#27;[35m[AndroidBootstrap]&amp#27;[39m [BOOTSTRAP LOG] [debug] Using: UiSelector[INSTANCE=0, RESOURCE_ID=sign_in_email]
[debug] &amp#27;[35m[AndroidBootstrap]&amp#27;[39m Received command result from bootstrap
[debug] &amp#27;[35m[MJSONWP]&amp#27;[39m Matched JSONWP error code 7 to NoSuchElementError
[debug] &amp#27;[35m[BaseDriver]&amp#27;[39m Waited for 2860 ms so far
[debug] &amp#27;[35m[AndroidBootstrap]&amp#27;[39m [BOOTSTRAP LOG] [debug] Using: UiSelector[DESCRIPTION=sign_in_email, INSTANCE=0]
[debug] &amp#27;[35m[AndroidBootstrap]&amp#27;[39m [BOOTSTRAP LOG] [debug] Returning result: {"status":7,"value":"No element found"}
[debug] &amp#27;[35m[AndroidBootstrap]&amp#27;[39m Sending command to android: {"cmd":"action","action":"find","params":{"strategy":"id","selector":"sign_in_email","context":"","multiple":false}}
[debug] &amp#27;[35m[AndroidBootstrap]&amp#27;[39m [BOOTSTRAP LOG] [debug] Got data from client: {"cmd":"action","action":"find","params":{"strategy":"id","selector":"sign_in_email","context":"","multiple":false}}
[debug] &amp#27;[35m[AndroidBootstrap]&amp#27;[39m [BOOTSTRAP LOG] [debug] Got command of type ACTION
[debug] &amp#27;[35m[AndroidBootstrap]&amp#27;[39m [BOOTSTRAP LOG] [debug] Got command action: find
[debug] &amp#27;[35m[AndroidBootstrap]&amp#27;[39m [BOOTSTRAP LOG] [debug] Finding 'sign_in_email' using 'ID' with the contextId: '' multiple: false
[debug] &amp#27;[35m[AndroidBootstrap]&amp#27;[39m [BOOTSTRAP LOG] [debug] Using: UiSelector[INSTANCE=0, RESOURCE_ID=com.delvo.commerce:id/sign_in_email]
[debug] &amp#27;[35m[AndroidBootstrap]&amp#27;[39m Received command result from bootstrap
[debug] &amp#27;[35m[AndroidBootstrap]&amp#27;[39m [BOOTSTRAP LOG] [debug] Returning result: {"status":0,"value":{"ELEMENT":"1"}}
[debug] &amp#27;[35m[W3C (956d14c2)]&amp#27;[39m Responding to client with driver.findElement() result: {"element-6066-11e4-a52e-4f735466cecf":"1","ELEMENT":"1"}
&amp#27;[35m[HTTP]&amp#27;[39m &amp#27;[37m<-- POST /wd/hub/session/956d14c2-2031-44ff-9dcc-cd3a91000835/element &amp#27;[39m&amp#27;[32m200&amp#27;[39m &amp#27;[90m3791 ms - 67&amp#27;[39m
&amp#27;[35m[HTTP]&amp#27;[39m &amp#27;[90m&amp#27;[39m
&amp#27;[35m[HTTP]&amp#27;[39m &amp#27;[37m-->&amp#27;[39m &amp#27;[37mPOST&amp#27;[39m &amp#27;[37m/wd/hub/session/956d14c2-2031-44ff-9dcc-cd3a91000835/element/1/value&amp#27;[39m
&amp#27;[35m[HTTP]&amp#27;[39m &amp#27;[90m{"id":"1","text":"@#$%","value":["@","#","$","%"]}&amp#27;[39m
[debug] &amp#27;[35m[W3C (956d14c2)]&amp#27;[39m Calling AppiumDriver.setValue() with args: [["@","#","$","%"],"1","956d14c2-2031-44ff-9dcc-cd3a91000835"]
[debug] &amp#27;[35m[AndroidBootstrap]&amp#27;[39m Sending command to android: {"cmd":"action","action":"element:setText","params":{"elementId":"1","text":"@#$%","replace":false}}
[debug] &amp#27;[35m[AndroidBootstrap]&amp#27;[39m [BOOTSTRAP LOG] [debug] Got data from client: {"cmd":"action","action":"element:setText","params":{"elementId":"1","text":"@#$%","replace":false}}
[debug] &amp#27;[35m[AndroidBootstrap]&amp#27;[39m [BOOTSTRAP LOG] [debug] Got command of type ACTION
[debug] &amp#27;[35m[AndroidBootstrap]&amp#27;[39m [BOOTSTRAP LOG] [debug] Got command action: setText
[debug] &amp#27;[35m[AndroidBootstrap]&amp#27;[39m [BOOTSTRAP LOG] [debug] Using element passed in: 1
[debug] &amp#27;[35m[AndroidBootstrap]&amp#27;[39m [BOOTSTRAP LOG] [debug] Attempting to clear using UiObject.clearText().
[debug] &amp#27;[35m[AndroidBootstrap]&amp#27;[39m [BOOTSTRAP LOG] [debug] Text remains after clearing, but it appears to be hint text.
[debug] &amp#27;[35m[AndroidBootstrap]&amp#27;[39m [BOOTSTRAP LOG] [debug] Text not cleared. Assuming remainder is hint text.
[debug] &amp#27;[35m[AndroidBootstrap]&amp#27;[39m [BOOTSTRAP LOG] [debug] Sending plain text to element: @#$%
[debug] &amp#27;[35m[AndroidBootstrap]&amp#27;[39m Received command result from bootstrap
[debug] &amp#27;[35m[W3C (956d14c2)]&amp#27;[39m Responding to client with driver.setValue() result: true
&amp#27;[35m[HTTP]&amp#27;[39m &amp#27;[37m<-- POST /wd/hub/session/956d14c2-2031-44ff-9dcc-cd3a91000835/element/1/value &amp#27;[39m&amp#27;[32m200&amp#27;[39m &amp#27;[90m4863 ms - 14&amp#27;[39m
&amp#27;[35m[HTTP]&amp#27;[39m &amp#27;[90m&amp#27;[39m
[debug] &amp#27;[35m[AndroidBootstrap]&amp#27;[39m [BOOTSTRAP LOG] [debug] Returning result: {"status":0,"value":true}
&amp#27;[35m[HTTP]&amp#27;[39m &amp#27;[37m-->&amp#27;[39m &amp#27;[37mGET&amp#27;[39m &amp#27;[37m/wd/hub/session/956d14c2-2031-44ff-9dcc-cd3a91000835&amp#27;[39m
&amp#27;[35m[HTTP]&amp#27;[39m &amp#27;[90m{}&amp#27;[39m
[debug] &amp#27;[35m[W3C (956d14c2)]&amp#27;[39m Calling AppiumDriver.getSession() with args: ["956d14c2-2031-44ff-9dcc-cd3a91000835"]
[debug] &amp#27;[35m[W3C (956d14c2)]&amp#27;[39m Responding to client with driver.getSession() result: {"platform":"LINUX","webStorageEnabled":false,"takesScreenshot":true,"javascriptEnabled":true,"databaseEnabled":false,"networkConnectionEnabled":true,"locationContextEnabled":false,"warnings":{},"desired":{"platformName":"android","version":"9","app":"C:\\Users\\Swadhin\\Pictures\\framework\\src\\app-debug.apk","deviceName":"OnePlus","newCommandTimeout":20,"udid":"192.168.0.100:5555"},"platformName":"android","version":"9","app":"C:\\Users\\Swadhin\\Pictures\\framework\\src\\app-debug.apk","deviceName":"192.168.0.100:5555","newCommandTimeout":20,"udid":"192.168.0.100:5555","deviceUDID":"192.168.0.100:5555","platformVersion":"9","deviceScreenSize":"1080x2160","deviceModel":"ONEPLUS A5010","deviceManufacturer":"OnePlus","appPackage":"com.delvo.commerce","appWaitPackage":"com.delvo.commerce","appActivity":"com.delvo.commerce.SplashActivity","appWaitActivity":"com.delvo.commerce.SplashActivity"}
&amp#27;[35m[HTTP]&amp#27;[39m &amp#27;[37m<-- GET /wd/hub/session/956d14c2-2031-44ff-9dcc-cd3a91000835 &amp#27;[39m&amp#27;[32m200&amp#27;[39m &amp#27;[90m3 ms - 914&amp#27;[39m
&amp#27;[35m[HTTP]&amp#27;[39m &amp#27;[90m&amp#27;[39m
&amp#27;[35m[HTTP]&amp#27;[39m &amp#27;[37m-->&amp#27;[39m &amp#27;[37mPOST&amp#27;[39m &amp#27;[37m/wd/hub/session/956d14c2-2031-44ff-9dcc-cd3a91000835/element&amp#27;[39m
&amp#27;[35m[HTTP]&amp#27;[39m &amp#27;[90m{"using":"id","value":"sign_in_password"}&amp#27;[39m
[debug] &amp#27;[35m[W3C (956d14c2)]&amp#27;[39m Calling AppiumDriver.findElement() with args: ["id","sign_in_password","956d14c2-2031-44ff-9dcc-cd3a91000835"]
[debug] &amp#27;[35m[BaseDriver]&amp#27;[39m Valid locator strategies for this request: xpath, id, class name, accessibility id, -android uiautomator
[debug] &amp#27;[35m[BaseDriver]&amp#27;[39m Waiting up to 30000 ms for condition
[debug] &amp#27;[35m[AndroidBootstrap]&amp#27;[39m Sending command to android: {"cmd":"action","action":"find","params":{"strategy":"id","selector":"sign_in_password","context":"","multiple":false}}
[debug] &amp#27;[35m[AndroidBootstrap]&amp#27;[39m [BOOTSTRAP LOG] [debug] Got data from client: {"cmd":"action","action":"find","params":{"strategy":"id","selector":"sign_in_password","context":"","multiple":false}}
[debug] &amp#27;[35m[AndroidBootstrap]&amp#27;[39m [BOOTSTRAP LOG] [debug] Got command of type ACTION
[debug] &amp#27;[35m[AndroidBootstrap]&amp#27;[39m [BOOTSTRAP LOG] [debug] Got command action: find
[debug] &amp#27;[35m[AndroidBootstrap]&amp#27;[39m [BOOTSTRAP LOG] [debug] Finding 'sign_in_password' using 'ID' with the contextId: '' multiple: false
[debug] &amp#27;[35m[AndroidBootstrap]&amp#27;[39m [BOOTSTRAP LOG] [debug] Using: UiSelector[INSTANCE=0, RESOURCE_ID=com.delvo.commerce:id/sign_in_password]
[debug] &amp#27;[35m[AndroidBootstrap]&amp#27;[39m [BOOTSTRAP LOG] [debug] Returning result: {"status":0,"value":{"ELEMENT":"2"}}
[debug] &amp#27;[35m[AndroidBootstrap]&amp#27;[39m Received command result from bootstrap
[debug] &amp#27;[35m[W3C (956d14c2)]&amp#27;[39m Responding to client with driver.findElement() result: {"element-6066-11e4-a52e-4f735466cecf":"2","ELEMENT":"2"}
&amp#27;[35m[HTTP]&amp#27;[39m &amp#27;[37m<-- POST /wd/hub/session/956d14c2-2031-44ff-9dcc-cd3a91000835/element &amp#27;[39m&amp#27;[32m200&amp#27;[39m &amp#27;[90m564 ms - 67&amp#27;[39m
&amp#27;[35m[HTTP]&amp#27;[39m &amp#27;[90m&amp#27;[39m
&amp#27;[35m[HTTP]&amp#27;[39m &amp#27;[37m-->&amp#27;[39m &amp#27;[37mPOST&amp#27;[39m &amp#27;[37m/wd/hub/session/956d14c2-2031-44ff-9dcc-cd3a91000835/element/2/value&amp#27;[39m
&amp#27;[35m[HTTP]&amp#27;[39m &amp#27;[90m{"id":"2","text":"swadhin#11","value":["s","w","a","d","h","i","n","#","1","1"]}&amp#27;[39m
[debug] &amp#27;[35m[W3C (956d14c2)]&amp#27;[39m Calling AppiumDriver.setValue() with args: [["s","w","a","d","h","i","n","#","1","1"],"2","956d14c2-2031-44ff-9dcc-cd3a91000835"]
[debug] &amp#27;[35m[AndroidBootstrap]&amp#27;[39m Sending command to android: {"cmd":"action","action":"element:setText","params":{"elementId":"2","text":"swadhin#11","replace":false}}
[debug] &amp#27;[35m[AndroidBootstrap]&amp#27;[39m [BOOTSTRAP LOG] [debug] Got data from client: {"cmd":"action","action":"element:setText","params":{"elementId":"2","text":"swadhin#11","replace":false}}
[debug] &amp#27;[35m[AndroidBootstrap]&amp#27;[39m [BOOTSTRAP LOG] [debug] Got command of type ACTION
[debug] &amp#27;[35m[AndroidBootstrap]&amp#27;[39m [BOOTSTRAP LOG] [debug] Got command action: setText
[debug] &amp#27;[35m[AndroidBootstrap]&amp#27;[39m [BOOTSTRAP LOG] [debug] Using element passed in: 2
[debug] &amp#27;[35m[AndroidBootstrap]&amp#27;[39m [BOOTSTRAP LOG] [debug] Attempting to clear using UiObject.clearText().
[debug] &amp#27;[35m[AndroidBootstrap]&amp#27;[39m [BOOTSTRAP LOG] [debug] Text remains after clearing, but it appears to be hint text.
[debug] &amp#27;[35m[AndroidBootstrap]&amp#27;[39m [BOOTSTRAP LOG] [debug] Text not cleared. Assuming remainder is hint text.
[debug] &amp#27;[35m[AndroidBootstrap]&amp#27;[39m [BOOTSTRAP LOG] [debug] Sending plain text to element: swadhin#11
[debug] &amp#27;[35m[AndroidBootstrap]&amp#27;[39m Received command result from bootstrap
[debug] &amp#27;[35m[AndroidBootstrap]&amp#27;[39m [BOOTSTRAP LOG] [debug] Returning result: {"status":0,"value":true}
[debug] &amp#27;[35m[W3C (956d14c2)]&amp#27;[39m Responding to client with driver.setValue() result: true
&amp#27;[35m[HTTP]&amp#27;[39m &amp#27;[37m<-- POST /wd/hub/session/956d14c2-2031-44ff-9dcc-cd3a91000835/element/2/value &amp#27;[39m&amp#27;[32m200&amp#27;[39m &amp#27;[90m5108 ms - 14&amp#27;[39m
&amp#27;[35m[HTTP]&amp#27;[39m &amp#27;[90m&amp#27;[39m
&amp#27;[35m[HTTP]&amp#27;[39m &amp#27;[37m-->&amp#27;[39m &amp#27;[37mPOST&amp#27;[39m &amp#27;[37m/wd/hub/session/956d14c2-2031-44ff-9dcc-cd3a91000835/back&amp#27;[39m
&amp#27;[35m[HTTP]&amp#27;[39m &amp#27;[90m{}&amp#27;[39m
[debug] &amp#27;[35m[W3C (956d14c2)]&amp#27;[39m Calling AppiumDriver.back() with args: ["956d14c2-2031-44ff-9dcc-cd3a91000835"]
[debug] &amp#27;[35m[AndroidBootstrap]&amp#27;[39m Sending command to android: {"cmd":"action","action":"pressBack","params":{}}
[debug] &amp#27;[35m[AndroidBootstrap]&amp#27;[39m [BOOTSTRAP LOG] [debug] Got data from client: {"cmd":"action","action":"pressBack","params":{}}
[debug] &amp#27;[35m[AndroidBootstrap]&amp#27;[39m [BOOTSTRAP LOG] [debug] Got command of type ACTION
[debug] &amp#27;[35m[AndroidBootstrap]&amp#27;[39m [BOOTSTRAP LOG] [debug] Got command action: pressBack
[debug] &amp#27;[35m[AndroidBootstrap]&amp#27;[39m Received command result from bootstrap
[debug] &amp#27;[35m[AndroidBootstrap]&amp#27;[39m [BOOTSTRAP LOG] [debug] Returning result: {"status":0,"value":true}
[debug] &amp#27;[35m[W3C (956d14c2)]&amp#27;[39m Responding to client with driver.back() result: true
&amp#27;[35m[HTTP]&amp#27;[39m &amp#27;[37m<-- POST /wd/hub/session/956d14c2-2031-44ff-9dcc-cd3a91000835/back &amp#27;[39m&amp#27;[32m200&amp#27;[39m &amp#27;[90m591 ms - 14&amp#27;[39m
&amp#27;[35m[HTTP]&amp#27;[39m &amp#27;[90m&amp#27;[39m
&amp#27;[35m[HTTP]&amp#27;[39m &amp#27;[37m-->&amp#27;[39m &amp#27;[37mGET&amp#27;[39m &amp#27;[37m/wd/hub/session/956d14c2-2031-44ff-9dcc-cd3a91000835&amp#27;[39m
&amp#27;[35m[HTTP]&amp#27;[39m &amp#27;[90m{}&amp#27;[39m
[debug] &amp#27;[35m[W3C (956d14c2)]&amp#27;[39m Calling AppiumDriver.getSession() with args: ["956d14c2-2031-44ff-9dcc-cd3a91000835"]
[debug] &amp#27;[35m[W3C (956d14c2)]&amp#27;[39m Responding to client with driver.getSession() result: {"platform":"LINUX","webStorageEnabled":false,"takesScreenshot":true,"javascriptEnabled":true,"databaseEnabled":false,"networkConnectionEnabled":true,"locationContextEnabled":false,"warnings":{},"desired":{"platformName":"android","version":"9","app":"C:\\Users\\Swadhin\\Pictures\\framework\\src\\app-debug.apk","deviceName":"OnePlus","newCommandTimeout":20,"udid":"192.168.0.100:5555"},"platformName":"android","version":"9","app":"C:\\Users\\Swadhin\\Pictures\\framework\\src\\app-debug.apk","deviceName":"192.168.0.100:5555","newCommandTimeout":20,"udid":"192.168.0.100:5555","deviceUDID":"192.168.0.100:5555","platformVersion":"9","deviceScreenSize":"1080x2160","deviceModel":"ONEPLUS A5010","deviceManufacturer":"OnePlus","appPackage":"com.delvo.commerce","appWaitPackage":"com.delvo.commerce","appActivity":"com.delvo.commerce.SplashActivity","appWaitActivity":"com.delvo.commerce.SplashActivity"}
&amp#27;[35m[HTTP]&amp#27;[39m &amp#27;[37m<-- GET /wd/hub/session/956d14c2-2031-44ff-9dcc-cd3a91000835 &amp#27;[39m&amp#27;[32m200&amp#27;[39m &amp#27;[90m5 ms - 914&amp#27;[39m
&amp#27;[35m[HTTP]&amp#27;[39m &amp#27;[90m&amp#27;[39m
&amp#27;[35m[HTTP]&amp#27;[39m &amp#27;[37m-->&amp#27;[39m &amp#27;[37mPOST&amp#27;[39m &amp#27;[37m/wd/hub/session/956d14c2-2031-44ff-9dcc-cd3a91000835/element&amp#27;[39m
&amp#27;[35m[HTTP]&amp#27;[39m &amp#27;[90m{"using":"id","value":"sign_in_btn"}&amp#27;[39m
[debug] &amp#27;[35m[W3C (956d14c2)]&amp#27;[39m Calling AppiumDriver.findElement() with args: ["id","sign_in_btn","956d14c2-2031-44ff-9dcc-cd3a91000835"]
[debug] &amp#27;[35m[BaseDriver]&amp#27;[39m Valid locator strategies for this request: xpath, id, class name, accessibility id, -android uiautomator
[debug] &amp#27;[35m[BaseDriver]&amp#27;[39m Waiting up to 30000 ms for condition
[debug] &amp#27;[35m[AndroidBootstrap]&amp#27;[39m Sending command to android: {"cmd":"action","action":"find","params":{"strategy":"id","selector":"sign_in_btn","context":"","multiple":false}}
[debug] &amp#27;[35m[AndroidBootstrap]&amp#27;[39m [BOOTSTRAP LOG] [debug] Got data from client: {"cmd":"action","action":"find","params":{"strategy":"id","selector":"sign_in_btn","context":"","multiple":false}}
[debug] &amp#27;[35m[AndroidBootstrap]&amp#27;[39m [BOOTSTRAP LOG] [debug] Got command of type ACTION
[debug] &amp#27;[35m[AndroidBootstrap]&amp#27;[39m [BOOTSTRAP LOG] [debug] Got command action: find
[debug] &amp#27;[35m[AndroidBootstrap]&amp#27;[39m [BOOTSTRAP LOG] [debug] Finding 'sign_in_btn' using 'ID' with the contextId: '' multiple: false
[debug] &amp#27;[35m[AndroidBootstrap]&amp#27;[39m [BOOTSTRAP LOG] [debug] Using: UiSelector[INSTANCE=0, RESOURCE_ID=com.delvo.commerce:id/sign_in_btn]
[debug] &amp#27;[35m[AndroidBootstrap]&amp#27;[39m Received command result from bootstrap
[debug] &amp#27;[35m[AndroidBootstrap]&amp#27;[39m [BOOTSTRAP LOG] [debug] Returning result: {"status":0,"value":{"ELEMENT":"3"}}
[debug] &amp#27;[35m[W3C (956d14c2)]&amp#27;[39m Responding to client with driver.findElement() result: {"element-6066-11e4-a52e-4f735466cecf":"3","ELEMENT":"3"}
&amp#27;[35m[HTTP]&amp#27;[39m &amp#27;[37m<-- POST /wd/hub/session/956d14c2-2031-44ff-9dcc-cd3a91000835/element &amp#27;[39m&amp#27;[32m200&amp#27;[39m &amp#27;[90m634 ms - 67&amp#27;[39m
&amp#27;[35m[HTTP]&amp#27;[39m &amp#27;[90m&amp#27;[39m
&amp#27;[35m[HTTP]&amp#27;[39m &amp#27;[37m-->&amp#27;[39m &amp#27;[37mPOST&amp#27;[39m &amp#27;[37m/wd/hub/session/956d14c2-2031-44ff-9dcc-cd3a91000835/element/3/click&amp#27;[39m
&amp#27;[35m[HTTP]&amp#27;[39m &amp#27;[90m{"id":"3"}&amp#27;[39m
[debug] &amp#27;[35m[W3C (956d14c2)]&amp#27;[39m Calling AppiumDriver.click() with args: ["3","956d14c2-2031-44ff-9dcc-cd3a91000835"]
[debug] &amp#27;[35m[AndroidBootstrap]&amp#27;[39m Sending command to android: {"cmd":"action","action":"element:click","params":{"elementId":"3"}}
[debug] &amp#27;[35m[AndroidBootstrap]&amp#27;[39m [BOOTSTRAP LOG] [debug] Got data from client: {"cmd":"action","action":"element:click","params":{"elementId":"3"}}
[debug] &amp#27;[35m[AndroidBootstrap]&amp#27;[39m [BOOTSTRAP LOG] [debug] Got command of type ACTION
[debug] &amp#27;[35m[AndroidBootstrap]&amp#27;[39m [BOOTSTRAP LOG] [debug] Got command action: click
[debug] &amp#27;[35m[AndroidBootstrap]&amp#27;[39m [BOOTSTRAP LOG] [debug] Returning result: {"status":0,"value":true}
[debug] &amp#27;[35m[AndroidBootstrap]&amp#27;[39m Received command result from bootstrap
[debug] &amp#27;[35m[W3C (956d14c2)]&amp#27;[39m Responding to client with driver.click() result: true
&amp#27;[35m[HTTP]&amp#27;[39m &amp#27;[37m<-- POST /wd/hub/session/956d14c2-2031-44ff-9dcc-cd3a91000835/element/3/click &amp#27;[39m&amp#27;[32m200&amp#27;[39m &amp#27;[90m3168 ms - 14&amp#27;[39m
&amp#27;[35m[HTTP]&amp#27;[39m &amp#27;[90m&amp#27;[39m
&amp#27;[35m[HTTP]&amp#27;[39m &amp#27;[37m-->&amp#27;[39m &amp#27;[37mGET&amp#27;[39m &amp#27;[37m/wd/hub/session/956d14c2-2031-44ff-9dcc-cd3a91000835&amp#27;[39m
&amp#27;[35m[HTTP]&amp#27;[39m &amp#27;[90m{}&amp#27;[39m
[debug] &amp#27;[35m[W3C (956d14c2)]&amp#27;[39m Calling AppiumDriver.getSession() with args: ["956d14c2-2031-44ff-9dcc-cd3a91000835"]
[debug] &amp#27;[35m[W3C (956d14c2)]&amp#27;[39m Responding to client with driver.getSession() result: {"platform":"LINUX","webStorageEnabled":false,"takesScreenshot":true,"javascriptEnabled":true,"databaseEnabled":false,"networkConnectionEnabled":true,"locationContextEnabled":false,"warnings":{},"desired":{"platformName":"android","version":"9","app":"C:\\Users\\Swadhin\\Pictures\\framework\\src\\app-debug.apk","deviceName":"OnePlus","newCommandTimeout":20,"udid":"192.168.0.100:5555"},"platformName":"android","version":"9","app":"C:\\Users\\Swadhin\\Pictures\\framework\\src\\app-debug.apk","deviceName":"192.168.0.100:5555","newCommandTimeout":20,"udid":"192.168.0.100:5555","deviceUDID":"192.168.0.100:5555","platformVersion":"9","deviceScreenSize":"1080x2160","deviceModel":"ONEPLUS A5010","deviceManufacturer":"OnePlus","appPackage":"com.delvo.commerce","appWaitPackage":"com.delvo.commerce","appActivity":"com.delvo.commerce.SplashActivity","appWaitActivity":"com.delvo.commerce.SplashActivity"}
&amp#27;[35m[HTTP]&amp#27;[39m &amp#27;[37m<-- GET /wd/hub/session/956d14c2-2031-44ff-9dcc-cd3a91000835 &amp#27;[39m&amp#27;[32m200&amp#27;[39m &amp#27;[90m4 ms - 914&amp#27;[39m
&amp#27;[35m[HTTP]&amp#27;[39m &amp#27;[90m&amp#27;[39m
&amp#27;[35m[HTTP]&amp#27;[39m &amp#27;[37m-->&amp#27;[39m &amp#27;[37mPOST&amp#27;[39m &amp#27;[37m/wd/hub/session/956d14c2-2031-44ff-9dcc-cd3a91000835/element&amp#27;[39m
&amp#27;[35m[HTTP]&amp#27;[39m &amp#27;[90m{"using":"id","value":"main_search_icon"}&amp#27;[39m
[debug] &amp#27;[35m[W3C (956d14c2)]&amp#27;[39m Calling AppiumDriver.findElement() with args: ["id","main_search_icon","956d14c2-2031-44ff-9dcc-cd3a91000835"]
[debug] &amp#27;[35m[BaseDriver]&amp#27;[39m Valid locator strategies for this request: xpath, id, class name, accessibility id, -android uiautomator
[debug] &amp#27;[35m[BaseDriver]&amp#27;[39m Waiting up to 30000 ms for condition
[debug] &amp#27;[35m[AndroidBootstrap]&amp#27;[39m Sending command to android: {"cmd":"action","action":"find","params":{"strategy":"id","selector":"main_search_icon","context":"","multiple":false}}
[debug] &amp#27;[35m[AndroidBootstrap]&amp#27;[39m [BOOTSTRAP LOG] [debug] Got data from client: {"cmd":"action","action":"find","params":{"strategy":"id","selector":"main_search_icon","context":"","multiple":false}}
[debug] &amp#27;[35m[AndroidBootstrap]&amp#27;[39m [BOOTSTRAP LOG] [debug] Got command of type ACTION
[debug] &amp#27;[35m[AndroidBootstrap]&amp#27;[39m [BOOTSTRAP LOG] [debug] Got command action: find
[debug] &amp#27;[35m[AndroidBootstrap]&amp#27;[39m [BOOTSTRAP LOG] [debug] Finding 'main_search_icon' using 'ID' with the contextId: '' multiple: false
[debug] &amp#27;[35m[AndroidBootstrap]&amp#27;[39m [BOOTSTRAP LOG] [debug] Using: UiSelector[INSTANCE=0, RESOURCE_ID=com.delvo.commerce:id/main_search_icon]
[debug] &amp#27;[35m[AndroidBootstrap]&amp#27;[39m [BOOTSTRAP LOG] [debug] Using: UiSelector[INSTANCE=0, RESOURCE_ID=android:id/main_search_icon]
[debug] &amp#27;[35m[AndroidBootstrap]&amp#27;[39m [BOOTSTRAP LOG] [debug] Using: UiSelector[INSTANCE=0, RESOURCE_ID=main_search_icon]
[debug] &amp#27;[35m[AndroidBootstrap]&amp#27;[39m [BOOTSTRAP LOG] [debug] Using: UiSelector[DESCRIPTION=main_search_icon, INSTANCE=0]
[debug] &amp#27;[35m[AndroidBootstrap]&amp#27;[39m [BOOTSTRAP LOG] [debug] Failed to locate element. Clearing Accessibility cache and retrying.
[debug] &amp#27;[35m[AndroidBootstrap]&amp#27;[39m [BOOTSTRAP LOG] [debug] Finding 'main_search_icon' using 'ID' with the contextId: '' multiple: false
[debug] &amp#27;[35m[AndroidBootstrap]&amp#27;[39m [BOOTSTRAP LOG] [debug] Using: UiSelector[INSTANCE=0, RESOURCE_ID=com.delvo.commerce:id/main_search_icon]
[debug] &amp#27;[35m[AndroidBootstrap]&amp#27;[39m [BOOTSTRAP LOG] [debug] Using: UiSelector[INSTANCE=0, RESOURCE_ID=android:id/main_search_icon]
[debug] &amp#27;[35m[AndroidBootstrap]&amp#27;[39m [BOOTSTRAP LOG] [debug] Using: UiSelector[INSTANCE=0, RESOURCE_ID=main_search_icon]
[debug] &amp#27;[35m[AndroidBootstrap]&amp#27;[39m [BOOTSTRAP LOG] [debug] Using: UiSelector[DESCRIPTION=main_search_icon, INSTANCE=0]
[debug] &amp#27;[35m[AndroidBootstrap]&amp#27;[39m Received command result from bootstrap
[debug] &amp#27;[35m[MJSONWP]&amp#27;[39m Matched JSONWP error code 7 to NoSuchElementError
[debug] &amp#27;[35m[BaseDriver]&amp#27;[39m Waited for 263 ms so far
[debug] &amp#27;[35m[AndroidBootstrap]&amp#27;[39m [BOOTSTRAP LOG] [debug] Returning result: {"status":7,"value":"No element found"}
[debug] &amp#27;[35m[AndroidBootstrap]&amp#27;[39m Sending command to android: {"cmd":"action","action":"find","params":{"strategy":"id","selector":"main_search_icon","context":"","multiple":false}}
[debug] &amp#27;[35m[AndroidBootstrap]&amp#27;[39m [BOOTSTRAP LOG] [debug] Got data from client: {"cmd":"action","action":"find","params":{"strategy":"id","selector":"main_search_icon","context":"","multiple":false}}
[debug] &amp#27;[35m[AndroidBootstrap]&amp#27;[39m [BOOTSTRAP LOG] [debug] Got command of type ACTION
[debug] &amp#27;[35m[AndroidBootstrap]&amp#27;[39m [BOOTSTRAP LOG] [debug] Got command action: find
[debug] &amp#27;[35m[AndroidBootstrap]&amp#27;[39m [BOOTSTRAP LOG] [debug] Finding 'main_search_icon' using 'ID' with the contextId: '' multiple: false
[debug] &amp#27;[35m[AndroidBootstrap]&amp#27;[39m [BOOTSTRAP LOG] [debug] Using: UiSelector[INSTANCE=0, RESOURCE_ID=com.delvo.commerce:id/main_search_icon]
[debug] &amp#27;[35m[AndroidBootstrap]&amp#27;[39m [BOOTSTRAP LOG] [debug] Using: UiSelector[INSTANCE=0, RESOURCE_ID=android:id/main_search_icon]
[debug] &amp#27;[35m[AndroidBootstrap]&amp#27;[39m [BOOTSTRAP LOG] [debug] Using: UiSelector[INSTANCE=0, RESOURCE_ID=main_search_icon]
[debug] &amp#27;[35m[AndroidBootstrap]&amp#27;[39m [BOOTSTRAP LOG] [debug] Using: UiSelector[DESCRIPTION=main_search_icon, INSTANCE=0]
[debug] &amp#27;[35m[AndroidBootstrap]&amp#27;[39m [BOOTSTRAP LOG] [debug] Failed to locate element. Clearing Accessibility cache and retrying.
[debug] &amp#27;[35m[AndroidBootstrap]&amp#27;[39m [BOOTSTRAP LOG] [debug] Finding 'main_search_icon' using 'ID' with the contextId: '' multiple: false
[debug] &amp#27;[35m[AndroidBootstrap]&amp#27;[39m [BOOTSTRAP LOG] [debug] Using: UiSelector[INSTANCE=0, RESOURCE_ID=com.delvo.commerce:id/main_search_icon]
[debug] &amp#27;[35m[AndroidBootstrap]&amp#27;[39m [BOOTSTRAP LOG] [debug] Using: UiSelector[INSTANCE=0, RESOURCE_ID=android:id/main_search_icon]
[debug] &amp#27;[35m[AndroidBootstrap]&amp#27;[39m [BOOTSTRAP LOG] [debug] Using: UiSelector[INSTANCE=0, RESOURCE_ID=main_search_icon]
[debug] &amp#27;[35m[AndroidBootstrap]&amp#27;[39m [BOOTSTRAP LOG] [debug] Using: UiSelector[DESCRIPTION=main_search_icon, INSTANCE=0]
[debug] &amp#27;[35m[AndroidBootstrap]&amp#27;[39m Received command result from bootstrap
[debug] &amp#27;[35m[MJSONWP]&amp#27;[39m Matched JSONWP error code 7 to NoSuchElementError
[debug] &amp#27;[35m[BaseDriver]&amp#27;[39m Waited for 1130 ms so far
[debug] &amp#27;[35m[AndroidBootstrap]&amp#27;[39m [BOOTSTRAP LOG] [debug] Returning result: {"status":7,"value":"No element found"}
[debug] &amp#27;[35m[AndroidBootstrap]&amp#27;[39m Sending command to android: {"cmd":"action","action":"find","params":{"strategy":"id","selector":"main_search_icon","context":"","multiple":false}}
[debug] &amp#27;[35m[AndroidBootstrap]&amp#27;[39m [BOOTSTRAP LOG] [debug] Got data from client: {"cmd":"action","action":"find","params":{"strategy":"id","selector":"main_search_icon","context":"","multiple":false}}
[debug] &amp#27;[35m[AndroidBootstrap]&amp#27;[39m [BOOTSTRAP LOG] [debug] Got command of type ACTION
[debug] &amp#27;[35m[AndroidBootstrap]&amp#27;[39m [BOOTSTRAP LOG] [debug] Got command action: find
[debug] &amp#27;[35m[AndroidBootstrap]&amp#27;[39m [BOOTSTRAP LOG] [debug] Finding 'main_search_icon' using 'ID' with the contextId: '' multiple: false
[debug] &amp#27;[35m[AndroidBootstrap]&amp#27;[39m [BOOTSTRAP LOG] [debug] Using: UiSelector[INSTANCE=0, RESOURCE_ID=com.delvo.commerce:id/main_search_icon]
[debug] &amp#27;[35m[AndroidBootstrap]&amp#27;[39m [BOOTSTRAP LOG] [debug] Using: UiSelector[INSTANCE=0, RESOURCE_ID=android:id/main_search_icon]
[debug] &amp#27;[35m[AndroidBootstrap]&amp#27;[39m [BOOTSTRAP LOG] [debug] Using: UiSelector[INSTANCE=0, RESOURCE_ID=main_search_icon]
[debug] &amp#27;[35m[AndroidBootstrap]&amp#27;[39m [BOOTSTRAP LOG] [debug] Using: UiSelector[DESCRIPTION=main_search_icon, INSTANCE=0]
[debug] &amp#27;[35m[AndroidBootstrap]&amp#27;[39m [BOOTSTRAP LOG] [debug] Failed to locate element. Clearing Accessibility cache and retrying.
[debug] &amp#27;[35m[AndroidBootstrap]&amp#27;[39m [BOOTSTRAP LOG] [debug] Finding 'main_search_icon' using 'ID' with the contextId: '' multiple: false
[debug] &amp#27;[35m[AndroidBootstrap]&amp#27;[39m [BOOTSTRAP LOG] [debug] Using: UiSelector[INSTANCE=0, RESOURCE_ID=com.delvo.commerce:id/main_search_icon]
[debug] &amp#27;[35m[AndroidBootstrap]&amp#27;[39m [BOOTSTRAP LOG] [debug] Using: UiSelector[INSTANCE=0, RESOURCE_ID=android:id/main_search_icon]
[debug] &amp#27;[35m[AndroidBootstrap]&amp#27;[39m [BOOTSTRAP LOG] [debug] Using: UiSelector[INSTANCE=0, RESOURCE_ID=main_search_icon]
[debug] &amp#27;[35m[AndroidBootstrap]&amp#27;[39m [BOOTSTRAP LOG] [debug] Using: UiSelector[DESCRIPTION=main_search_icon, INSTANCE=0]
[debug] &amp#27;[35m[AndroidBootstrap]&amp#27;[39m Received command result from bootstrap
[debug] &amp#27;[35m[MJSONWP]&amp#27;[39m Matched JSONWP error code 7 to NoSuchElementError
[debug] &amp#27;[35m[BaseDriver]&amp#27;[39m Waited for 1917 ms so far
[debug] &amp#27;[35m[AndroidBootstrap]&amp#27;[39m [BOOTSTRAP LOG] [debug] Returning result: {"status":7,"value":"No element found"}
[debug] &amp#27;[35m[AndroidBootstrap]&amp#27;[39m Sending command to android: {"cmd":"action","action":"find","params":{"strategy":"id","selector":"main_search_icon","context":"","multiple":false}}
[debug] &amp#27;[35m[AndroidBootstrap]&amp#27;[39m [BOOTSTRAP LOG] [debug] Got data from client: {"cmd":"action","action":"find","params":{"strategy":"id","selector":"main_search_icon","context":"","multiple":false}}
[debug] &amp#27;[35m[AndroidBootstrap]&amp#27;[39m [BOOTSTRAP LOG] [debug] Got command of type ACTION
[debug] &amp#27;[35m[AndroidBootstrap]&amp#27;[39m [BOOTSTRAP LOG] [debug] Got command action: find
[debug] &amp#27;[35m[AndroidBootstrap]&amp#27;[39m [BOOTSTRAP LOG] [debug] Finding 'main_search_icon' using 'ID' with the contextId: '' multiple: false
[debug] &amp#27;[35m[AndroidBootstrap]&amp#27;[39m [BOOTSTRAP LOG] [debug] Using: UiSelector[INSTANCE=0, RESOURCE_ID=com.delvo.commerce:id/main_search_icon]
[debug] &amp#27;[35m[AndroidBootstrap]&amp#27;[39m [BOOTSTRAP LOG] [debug] Using: UiSelector[INSTANCE=0, RESOURCE_ID=android:id/main_search_icon]
[debug] &amp#27;[35m[AndroidBootstrap]&amp#27;[39m [BOOTSTRAP LOG] [debug] Using: UiSelector[INSTANCE=0, RESOURCE_ID=main_search_icon]
[debug] &amp#27;[35m[AndroidBootstrap]&amp#27;[39m [BOOTSTRAP LOG] [debug] Using: UiSelector[DESCRIPTION=main_search_icon, INSTANCE=0]
[debug] &amp#27;[35m[AndroidBootstrap]&amp#27;[39m [BOOTSTRAP LOG] [debug] Failed to locate element. Clearing Accessibility cache and retrying.
[debug] &amp#27;[35m[AndroidBootstrap]&amp#27;[39m [BOOTSTRAP LOG] [debug] Finding 'main_search_icon' using 'ID' with the contextId: '' multiple: false
[debug] &amp#27;[35m[AndroidBootstrap]&amp#27;[39m [BOOTSTRAP LOG] [debug] Using: UiSelector[INSTANCE=0, RESOURCE_ID=com.delvo.commerce:id/main_search_icon]
[debug] &amp#27;[35m[AndroidBootstrap]&amp#27;[39m [BOOTSTRAP LOG] [debug] Using: UiSelector[INSTANCE=0, RESOURCE_ID=android:id/main_search_icon]
[debug] &amp#27;[35m[AndroidBootstrap]&amp#27;[39m [BOOTSTRAP LOG] [debug] Using: UiSelector[INSTANCE=0, RESOURCE_ID=main_search_icon]
[debug] &amp#27;[35m[AndroidBootstrap]&amp#27;[39m Received command result from bootstrap
[debug] &amp#27;[35m[MJSONWP]&amp#27;[39m Matched JSONWP error code 7 to NoSuchElementError
[debug] &amp#27;[35m[BaseDriver]&amp#27;[39m Waited for 2696 ms so far
[debug] &amp#27;[35m[AndroidBootstrap]&amp#27;[39m [BOOTSTRAP LOG] [debug] Using: UiSelector[DESCRIPTION=main_search_icon, INSTANCE=0]
[debug] &amp#27;[35m[AndroidBootstrap]&amp#27;[39m [BOOTSTRAP LOG] [debug] Returning result: {"status":7,"value":"No element found"}
[debug] &amp#27;[35m[AndroidBootstrap]&amp#27;[39m Sending command to android: {"cmd":"action","action":"find","params":{"strategy":"id","selector":"main_search_icon","context":"","multiple":false}}
[debug] &amp#27;[35m[AndroidBootstrap]&amp#27;[39m [BOOTSTRAP LOG] [debug] Got data from client: {"cmd":"action","action":"find","params":{"strategy":"id","selector":"main_search_icon","context":"","multiple":false}}
[debug] &amp#27;[35m[AndroidBootstrap]&amp#27;[39m [BOOTSTRAP LOG] [debug] Got command of type ACTION
[debug] &amp#27;[35m[AndroidBootstrap]&amp#27;[39m [BOOTSTRAP LOG] [debug] Got command action: find
[debug] &amp#27;[35m[AndroidBootstrap]&amp#27;[39m [BOOTSTRAP LOG] [debug] Finding 'main_search_icon' using 'ID' with the contextId: '' multiple: false
[debug] &amp#27;[35m[AndroidBootstrap]&amp#27;[39m [BOOTSTRAP LOG] [debug] Using: UiSelector[INSTANCE=0, RESOURCE_ID=com.delvo.commerce:id/main_search_icon]
[debug] &amp#27;[35m[AndroidBootstrap]&amp#27;[39m [BOOTSTRAP LOG] [debug] Using: UiSelector[INSTANCE=0, RESOURCE_ID=android:id/main_search_icon]
[debug] &amp#27;[35m[AndroidBootstrap]&amp#27;[39m [BOOTSTRAP LOG] [debug] Using: UiSelector[INSTANCE=0, RESOURCE_ID=main_search_icon]
[debug] &amp#27;[35m[AndroidBootstrap]&amp#27;[39m [BOOTSTRAP LOG] [debug] Using: UiSelector[DESCRIPTION=main_search_icon, INSTANCE=0]
[debug] &amp#27;[35m[AndroidBootstrap]&amp#27;[39m [BOOTSTRAP LOG] [debug] Failed to locate element. Clearing Accessibility cache and retrying.
[debug] &amp#27;[35m[AndroidBootstrap]&amp#27;[39m [BOOTSTRAP LOG] [debug] Finding 'main_search_icon' using 'ID' with the contextId: '' multiple: false
[debug] &amp#27;[35m[AndroidBootstrap]&amp#27;[39m [BOOTSTRAP LOG] [debug] Using: UiSelector[INSTANCE=0, RESOURCE_ID=com.delvo.commerce:id/main_search_icon]
[debug] &amp#27;[35m[AndroidBootstrap]&amp#27;[39m [BOOTSTRAP LOG] [debug] Using: UiSelector[INSTANCE=0, RESOURCE_ID=android:id/main_search_icon]
[debug] &amp#27;[35m[AndroidBootstrap]&amp#27;[39m [BOOTSTRAP LOG] [debug] Using: UiSelector[INSTANCE=0, RESOURCE_ID=main_search_icon]
[debug] &amp#27;[35m[AndroidBootstrap]&amp#27;[39m Received command result from bootstrap
[debug] &amp#27;[35m[MJSONWP]&amp#27;[39m Matched JSONWP error code 7 to NoSuchElementError
[debug] &amp#27;[35m[BaseDriver]&amp#27;[39m Waited for 3804 ms so far
[debug] &amp#27;[35m[AndroidBootstrap]&amp#27;[39m [BOOTSTRAP LOG] [debug] Using: UiSelector[DESCRIPTION=main_search_icon, INSTANCE=0]
[debug] &amp#27;[35m[AndroidBootstrap]&amp#27;[39m [BOOTSTRAP LOG] [debug] Returning result: {"status":7,"value":"No element found"}
[debug] &amp#27;[35m[AndroidBootstrap]&amp#27;[39m Sending command to android: {"cmd":"action","action":"find","params":{"strategy":"id","selector":"main_search_icon","context":"","multiple":false}}
[debug] &amp#27;[35m[AndroidBootstrap]&amp#27;[39m [BOOTSTRAP LOG] [debug] Got data from client: {"cmd":"action","action":"find","params":{"strategy":"id","selector":"main_search_icon","context":"","multiple":false}}
[debug] &amp#27;[35m[AndroidBootstrap]&amp#27;[39m [BOOTSTRAP LOG] [debug] Got command of type ACTION
[debug] &amp#27;[35m[AndroidBootstrap]&amp#27;[39m [BOOTSTRAP LOG] [debug] Got command action: find
[debug] &amp#27;[35m[AndroidBootstrap]&amp#27;[39m [BOOTSTRAP LOG] [debug] Finding 'main_search_icon' using 'ID' with the contextId: '' multiple: false
[debug] &amp#27;[35m[AndroidBootstrap]&amp#27;[39m [BOOTSTRAP LOG] [debug] Using: UiSelector[INSTANCE=0, RESOURCE_ID=com.delvo.commerce:id/main_search_icon]
[debug] &amp#27;[35m[AndroidBootstrap]&amp#27;[39m [BOOTSTRAP LOG] [debug] Using: UiSelector[INSTANCE=0, RESOURCE_ID=android:id/main_search_icon]
[debug] &amp#27;[35m[AndroidBootstrap]&amp#27;[39m [BOOTSTRAP LOG] [debug] Using: UiSelector[INSTANCE=0, RESOURCE_ID=main_search_icon]
[debug] &amp#27;[35m[AndroidBootstrap]&amp#27;[39m [BOOTSTRAP LOG] [debug] Using: UiSelector[DESCRIPTION=main_search_icon, INSTANCE=0]
[debug] &amp#27;[35m[AndroidBootstrap]&amp#27;[39m [BOOTSTRAP LOG] [debug] Failed to locate element. Clearing Accessibility cache and retrying.
[debug] &amp#27;[35m[AndroidBootstrap]&amp#27;[39m [BOOTSTRAP LOG] [debug] Finding 'main_search_icon' using 'ID' with the contextId: '' multiple: false
[debug] &amp#27;[35m[AndroidBootstrap]&amp#27;[39m [BOOTSTRAP LOG] [debug] Using: UiSelector[INSTANCE=0, RESOURCE_ID=com.delvo.commerce:id/main_search_icon]
[debug] &amp#27;[35m[AndroidBootstrap]&amp#27;[39m Received command result from bootstrap
[debug] &amp#27;[35m[MJSONWP]&amp#27;[39m Matched JSONWP error code 7 to NoSuchElementError
[debug] &amp#27;[35m[BaseDriver]&amp#27;[39m Waited for 4927 ms so far
[debug] &amp#27;[35m[AndroidBootstrap]&amp#27;[39m [BOOTSTRAP LOG] [debug] Using: UiSelector[INSTANCE=0, RESOURCE_ID=android:id/main_search_icon]
[debug] &amp#27;[35m[AndroidBootstrap]&amp#27;[39m [BOOTSTRAP LOG] [debug] Using: UiSelector[INSTANCE=0, RESOURCE_ID=main_search_icon]
[debug] &amp#27;[35m[AndroidBootstrap]&amp#27;[39m [BOOTSTRAP LOG] [debug] Using: UiSelector[DESCRIPTION=main_search_icon, INSTANCE=0]
[debug] &amp#27;[35m[AndroidBootstrap]&amp#27;[39m [BOOTSTRAP LOG] [debug] Returning result: {"status":7,"value":"No element found"}
[debug] &amp#27;[35m[AndroidBootstrap]&amp#27;[39m Sending command to android: {"cmd":"action","action":"find","params":{"strategy":"id","selector":"main_search_icon","context":"","multiple":false}}
[debug] &amp#27;[35m[AndroidBootstrap]&amp#27;[39m [BOOTSTRAP LOG] [debug] Got data from client: {"cmd":"action","action":"find","params":{"strategy":"id","selector":"main_search_icon","context":"","multiple":false}}
[debug] &amp#27;[35m[AndroidBootstrap]&amp#27;[39m [BOOTSTRAP LOG] [debug] Got command of type ACTION
[debug] &amp#27;[35m[AndroidBootstrap]&amp#27;[39m [BOOTSTRAP LOG] [debug] Got command action: find
[debug] &amp#27;[35m[AndroidBootstrap]&amp#27;[39m [BOOTSTRAP LOG] [debug] Finding 'main_search_icon' using 'ID' with the contextId: '' multiple: false
[debug] &amp#27;[35m[AndroidBootstrap]&amp#27;[39m [BOOTSTRAP LOG] [debug] Using: UiSelector[INSTANCE=0, RESOURCE_ID=com.delvo.commerce:id/main_search_icon]
[debug] &amp#27;[35m[AndroidBootstrap]&amp#27;[39m Received command result from bootstrap
[debug] &amp#27;[35m[MJSONWP]&amp#27;[39m Matched JSONWP error code 7 to NoSuchElementError
[debug] &amp#27;[35m[BaseDriver]&amp#27;[39m Waited for 6032 ms so far
[debug] &amp#27;[35m[AndroidBootstrap]&amp#27;[39m [BOOTSTRAP LOG] [debug] Using: UiSelector[INSTANCE=0, RESOURCE_ID=android:id/main_search_icon]
[debug] &amp#27;[35m[AndroidBootstrap]&amp#27;[39m [BOOTSTRAP LOG] [debug] Using: UiSelector[INSTANCE=0, RESOURCE_ID=main_search_icon]
[debug] &amp#27;[35m[AndroidBootstrap]&amp#27;[39m [BOOTSTRAP LOG] [debug] Using: UiSelector[DESCRIPTION=main_search_icon, INSTANCE=0]
[debug] &amp#27;[35m[AndroidBootstrap]&amp#27;[39m [BOOTSTRAP LOG] [debug] Failed to locate element. Clearing Accessibility cache and retrying.
[debug] &amp#27;[35m[AndroidBootstrap]&amp#27;[39m [BOOTSTRAP LOG] [debug] Finding 'main_search_icon' using 'ID' with the contextId: '' multiple: false
[debug] &amp#27;[35m[AndroidBootstrap]&amp#27;[39m [BOOTSTRAP LOG] [debug] Using: UiSelector[INSTANCE=0, RESOURCE_ID=com.delvo.commerce:id/main_search_icon]
[debug] &amp#27;[35m[AndroidBootstrap]&amp#27;[39m [BOOTSTRAP LOG] [debug] Using: UiSelector[INSTANCE=0, RESOURCE_ID=android:id/main_search_icon]
[...]
[debug] &amp#27;[35m[AndroidBootstrap]&amp#27;[39m Received command result from bootstrap
[debug] &amp#27;[35m[W3C (c8142c76)]&amp#27;[39m Responding to client with driver.elementDisplayed() result: true
&amp#27;[35m[HTTP]&amp#27;[39m &amp#27;[37m<-- GET /wd/hub/session/c8142c76-e56e-479f-a1f4-e65b1aa23d7e/element/3/displayed &amp#27;[39m&amp#27;[32m200&amp#27;[39m &amp#27;[90m30 ms - 14&amp#27;[39m
&amp#27;[35m[HTTP]&amp#27;[39m &amp#27;[90m&amp#27;[39m
[debug] &amp#27;[35m[AndroidBootstrap]&amp#27;[39m [BOOTSTRAP LOG] [debug] Returning result: {"status":0,"value":"true"}
&amp#27;[35m[HTTP]&amp#27;[39m &amp#27;[37m-->&amp#27;[39m &amp#27;[37mGET&amp#27;[39m &amp#27;[37m/wd/hub/session/c8142c76-e56e-479f-a1f4-e65b1aa23d7e&amp#27;[39m
&amp#27;[35m[HTTP]&amp#27;[39m &amp#27;[90m{}&amp#27;[39m
[debug] &amp#27;[35m[W3C (c8142c76)]&amp#27;[39m Calling AppiumDriver.getSession() with args: ["c8142c76-e56e-479f-a1f4-e65b1aa23d7e"]
[debug] &amp#27;[35m[W3C (c8142c76)]&amp#27;[39m Responding to client with driver.getSession() result: {"platform":"LINUX","webStorageEnabled":false,"takesScreenshot":true,"javascriptEnabled":true,"databaseEnabled":false,"networkConnectionEnabled":true,"locationContextEnabled":false,"warnings":{},"desired":{"platformName":"android","version":"9","app":"C:\\Users\\Swadhin\\Pictures\\framework\\src\\app-debug.apk","deviceName":"OnePlus","newCommandTimeout":20,"udid":"192.168.0.100:5555"},"platformName":"android","version":"9","app":"C:\\Users\\Swadhin\\Pictures\\framework\\src\\app-debug.apk","deviceName":"192.168.0.100:5555","newCommandTimeout":20,"udid":"192.168.0.100:5555","deviceUDID":"192.168.0.100:5555","platformVersion":"9","deviceScreenSize":"1080x2160","deviceModel":"ONEPLUS A5010","deviceManufacturer":"OnePlus","appPackage":"com.delvo.commerce","appWaitPackage":"com.delvo.commerce","appActivity":"com.delvo.commerce.SplashActivity","appWaitActivity":"com.delvo.commerce.SplashActivity"}
&amp#27;[35m[HTTP]&amp#27;[39m &amp#27;[37m<-- GET /wd/hub/session/c8142c76-e56e-479f-a1f4-e65b1aa23d7e &amp#27;[39m&amp#27;[32m200&amp#27;[39m &amp#27;[90m2 ms - 914&amp#27;[39m
&amp#27;[35m[HTTP]&amp#27;[39m &amp#27;[90m&amp#27;[39m
&amp#27;[35m[HTTP]&amp#27;[39m &amp#27;[37m-->&amp#27;[39m &amp#27;[37mPOST&amp#27;[39m &amp#27;[37m/wd/hub/session/c8142c76-e56e-479f-a1f4-e65b1aa23d7e/element&amp#27;[39m
&amp#27;[35m[HTTP]&amp#27;[39m &amp#27;[90m{"using":"id","value":"sign_in_dont_have_account"}&amp#27;[39m
[debug] &amp#27;[35m[W3C (c8142c76)]&amp#27;[39m Calling AppiumDriver.findElement() with args: ["id","sign_in_dont_have_account","c8142c76-e56e-479f-a1f4-e65b1aa23d7e"]
[debug] &amp#27;[35m[BaseDriver]&amp#27;[39m Valid locator strategies for this request: xpath, id, class name, accessibility id, -android uiautomator
[debug] &amp#27;[35m[BaseDriver]&amp#27;[39m Waiting up to 30000 ms for condition
[debug] &amp#27;[35m[AndroidBootstrap]&amp#27;[39m Sending command to android: {"cmd":"action","action":"find","params":{"strategy":"id","selector":"sign_in_dont_have_account","context":"","multiple":false}}
[debug] &amp#27;[35m[AndroidBootstrap]&amp#27;[39m [BOOTSTRAP LOG] [debug] Got data from client: {"cmd":"action","action":"find","params":{"strategy":"id","selector":"sign_in_dont_have_account","context":"","multiple":false}}
[debug] &amp#27;[35m[AndroidBootstrap]&amp#27;[39m [BOOTSTRAP LOG] [debug] Got command of type ACTION
[debug] &amp#27;[35m[AndroidBootstrap]&amp#27;[39m [BOOTSTRAP LOG] [debug] Got command action: find
[debug] &amp#27;[35m[AndroidBootstrap]&amp#27;[39m [BOOTSTRAP LOG] [debug] Finding 'sign_in_dont_have_account' using 'ID' with the contextId: '' multiple: false
[debug] &amp#27;[35m[AndroidBootstrap]&amp#27;[39m Received command result from bootstrap
[debug] &amp#27;[35m[W3C (c8142c76)]&amp#27;[39m Responding to client with driver.findElement() result: {"element-6066-11e4-a52e-4f735466cecf":"4","ELEMENT":"4"}
&amp#27;[35m[HTTP]&amp#27;[39m &amp#27;[37m<-- POST /wd/hub/session/c8142c76-e56e-479f-a1f4-e65b1aa23d7e/element &amp#27;[39m&amp#27;[32m200&amp#27;[39m &amp#27;[90m33 ms - 67&amp#27;[39m
&amp#27;[35m[HTTP]&amp#27;[39m &amp#27;[90m&amp#27;[39m
&amp#27;[35m[HTTP]&amp#27;[39m &amp#27;[37m-->&amp#27;[39m &amp#27;[37mGET&amp#27;[39m &amp#27;[37m/wd/hub/session/c8142c76-e56e-479f-a1f4-e65b1aa23d7e/element/4/displayed&amp#27;[39m
&amp#27;[35m[HTTP]&amp#27;[39m &amp#27;[90m{}&amp#27;[39m
[debug] &amp#27;[35m[W3C (c8142c76)]&amp#27;[39m Calling AppiumDriver.elementDisplayed() with args: ["4","c8142c76-e56e-479f-a1f4-e65b1aa23d7e"]
[debug] &amp#27;[35m[AndroidBootstrap]&amp#27;[39m Sending command to android: {"cmd":"action","action":"element:getAttribute","params":{"attribute":"displayed","elementId":"4"}}
[debug] &amp#27;[35m[AndroidBootstrap]&amp#27;[39m [BOOTSTRAP LOG] [debug] Using: UiSelector[INSTANCE=0, RESOURCE_ID=com.delvo.commerce:id/sign_in_dont_have_account]
[debug] &amp#27;[35m[AndroidBootstrap]&amp#27;[39m [BOOTSTRAP LOG] [debug] Returning result: {"status":0,"value":{"ELEMENT":"4"}}
[debug] &amp#27;[35m[AndroidBootstrap]&amp#27;[39m [BOOTSTRAP LOG] [debug] Got data from client: {"cmd":"action","action":"element:getAttribute","params":{"attribute":"displayed","elementId":"4"}}
[debug] &amp#27;[35m[AndroidBootstrap]&amp#27;[39m [BOOTSTRAP LOG] [debug] Got command of type ACTION
[debug] &amp#27;[35m[AndroidBootstrap]&amp#27;[39m [BOOTSTRAP LOG] [debug] Got command action: getAttribute
[debug] &amp#27;[35m[AndroidBootstrap]&amp#27;[39m Received command result from bootstrap
[debug] &amp#27;[35m[AndroidBootstrap]&amp#27;[39m [BOOTSTRAP LOG] [debug] Returning result: {"status":0,"value":"true"}
[debug] &amp#27;[35m[W3C (c8142c76)]&amp#27;[39m Responding to client with driver.elementDisplayed() result: true
&amp#27;[35m[HTTP]&amp#27;[39m &amp#27;[37m<-- GET /wd/hub/session/c8142c76-e56e-479f-a1f4-e65b1aa23d7e/element/4/displayed &amp#27;[39m&amp#27;[32m200&amp#27;[39m &amp#27;[90m20 ms - 14&amp#27;[39m
&amp#27;[35m[HTTP]&amp#27;[39m &amp#27;[90m&amp#27;[39m
&amp#27;[35m[HTTP]&amp#27;[39m &amp#27;[37m-->&amp#27;[39m &amp#27;[37mGET&amp#27;[39m &amp#27;[37m/wd/hub/session/c8142c76-e56e-479f-a1f4-e65b1aa23d7e&amp#27;[39m
&amp#27;[35m[HTTP]&amp#27;[39m &amp#27;[90m{}&amp#27;[39m
[debug] &amp#27;[35m[W3C (c8142c76)]&amp#27;[39m Calling AppiumDriver.getSession() with args: ["c8142c76-e56e-479f-a1f4-e65b1aa23d7e"]
[debug] &amp#27;[35m[W3C (c8142c76)]&amp#27;[39m Responding to client with driver.getSession() result: {"platform":"LINUX","webStorageEnabled":false,"takesScreenshot":true,"javascriptEnabled":true,"databaseEnabled":false,"networkConnectionEnabled":true,"locationContextEnabled":false,"warnings":{},"desired":{"platformName":"android","version":"9","app":"C:\\Users\\Swadhin\\Pictures\\framework\\src\\app-debug.apk","deviceName":"OnePlus","newCommandTimeout":20,"udid":"192.168.0.100:5555"},"platformName":"android","version":"9","app":"C:\\Users\\Swadhin\\Pictures\\framework\\src\\app-debug.apk","deviceName":"192.168.0.100:5555","newCommandTimeout":20,"udid":"192.168.0.100:5555","deviceUDID":"192.168.0.100:5555","platformVersion":"9","deviceScreenSize":"1080x2160","deviceModel":"ONEPLUS A5010","deviceManufacturer":"OnePlus","appPackage":"com.delvo.commerce","appWaitPackage":"com.delvo.commerce","appActivity":"com.delvo.commerce.SplashActivity","appWaitActivity":"com.delvo.commerce.SplashActivity"}
&amp#27;[35m[HTTP]&amp#27;[39m &amp#27;[37m<-- GET /wd/hub/session/c8142c76-e56e-479f-a1f4-e65b1aa23d7e &amp#27;[39m&amp#27;[32m200&amp#27;[39m &amp#27;[90m3 ms - 914&amp#27;[39m
&amp#27;[35m[HTTP]&amp#27;[39m &amp#27;[90m&amp#27;[39m
&amp#27;[35m[HTTP]&amp#27;[39m &amp#27;[37m-->&amp#27;[39m &amp#27;[37mPOST&amp#27;[39m &amp#27;[37m/wd/hub/session/c8142c76-e56e-479f-a1f4-e65b1aa23d7e/element&amp#27;[39m
&amp#27;[35m[HTTP]&amp#27;[39m &amp#27;[90m{"using":"id","value":"sign_in_close_btn"}&amp#27;[39m
[debug] &amp#27;[35m[W3C (c8142c76)]&amp#27;[39m Calling AppiumDriver.findElement() with args: ["id","sign_in_close_btn","c8142c76-e56e-479f-a1f4-e65b1aa23d7e"]
[debug] &amp#27;[35m[BaseDriver]&amp#27;[39m Valid locator strategies for this request: xpath, id, class name, accessibility id, -android uiautomator
[debug] &amp#27;[35m[BaseDriver]&amp#27;[39m Waiting up to 30000 ms for condition
[debug] &amp#27;[35m[AndroidBootstrap]&amp#27;[39m Sending command to android: {"cmd":"action","action":"find","params":{"strategy":"id","selector":"sign_in_close_btn","context":"","multiple":false}}
[debug] &amp#27;[35m[AndroidBootstrap]&amp#27;[39m [BOOTSTRAP LOG] [debug] Got data from client: {"cmd":"action","action":"find","params":{"strategy":"id","selector":"sign_in_close_btn","context":"","multiple":false}}
[debug] &amp#27;[35m[AndroidBootstrap]&amp#27;[39m [BOOTSTRAP LOG] [debug] Got command of type ACTION
[debug] &amp#27;[35m[AndroidBootstrap]&amp#27;[39m [BOOTSTRAP LOG] [debug] Got command action: find
[debug] &amp#27;[35m[AndroidBootstrap]&amp#27;[39m Received command result from bootstrap
[debug] &amp#27;[35m[AndroidBootstrap]&amp#27;[39m [BOOTSTRAP LOG] [debug] Finding 'sign_in_close_btn' using 'ID' with the contextId: '' multiple: false
[debug] &amp#27;[35m[AndroidBootstrap]&amp#27;[39m [BOOTSTRAP LOG] [debug] Using: UiSelector[INSTANCE=0, RESOURCE_ID=com.delvo.commerce:id/sign_in_close_btn]
[debug] &amp#27;[35m[AndroidBootstrap]&amp#27;[39m [BOOTSTRAP LOG] [debug] Returning result: {"status":0,"value":{"ELEMENT":"5"}}
[debug] &amp#27;[35m[W3C (c8142c76)]&amp#27;[39m Responding to client with driver.findElement() result: {"element-6066-11e4-a52e-4f735466cecf":"5","ELEMENT":"5"}
&amp#27;[35m[HTTP]&amp#27;[39m &amp#27;[37m<-- POST /wd/hub/session/c8142c76-e56e-479f-a1f4-e65b1aa23d7e/element &amp#27;[39m&amp#27;[32m200&amp#27;[39m &amp#27;[90m39 ms - 67&amp#27;[39m
&amp#27;[35m[HTTP]&amp#27;[39m &amp#27;[90m&amp#27;[39m
&amp#27;[35m[HTTP]&amp#27;[39m &amp#27;[37m-->&amp#27;[39m &amp#27;[37mGET&amp#27;[39m &amp#27;[37m/wd/hub/session/c8142c76-e56e-479f-a1f4-e65b1aa23d7e/element/5/displayed&amp#27;[39m
&amp#27;[35m[HTTP]&amp#27;[39m &amp#27;[90m{}&amp#27;[39m
[debug] &amp#27;[35m[W3C (c8142c76)]&amp#27;[39m Calling AppiumDriver.elementDisplayed() with args: ["5","c8142c76-e56e-479f-a1f4-e65b1aa23d7e"]
[debug] &amp#27;[35m[AndroidBootstrap]&amp#27;[39m Sending command to android: {"cmd":"action","action":"element:getAttribute","params":{"attribute":"displayed","elementId":"5"}}
[debug] &amp#27;[35m[AndroidBootstrap]&amp#27;[39m [BOOTSTRAP LOG] [debug] Got data from client: {"cmd":"action","action":"element:getAttribute","params":{"attribute":"displayed","elementId":"5"}}
[debug] &amp#27;[35m[AndroidBootstrap]&amp#27;[39m [BOOTSTRAP LOG] [debug] Got command of type ACTION
[debug] &amp#27;[35m[AndroidBootstrap]&amp#27;[39m [BOOTSTRAP LOG] [debug] Got command action: getAttribute
[debug] &amp#27;[35m[AndroidBootstrap]&amp#27;[39m Received command result from bootstrap
[debug] &amp#27;[35m[W3C (c8142c76)]&amp#27;[39m Responding to client with driver.elementDisplayed() result: true
&amp#27;[35m[HTTP]&amp#27;[39m &amp#27;[37m<-- GET /wd/hub/session/c8142c76-e56e-479f-a1f4-e65b1aa23d7e/element/5/displayed &amp#27;[39m&amp#27;[32m200&amp#27;[39m &amp#27;[90m20 ms - 14&amp#27;[39m
&amp#27;[35m[HTTP]&amp#27;[39m &amp#27;[90m&amp#27;[39m
[debug] &amp#27;[35m[AndroidBootstrap]&amp#27;[39m [BOOTSTRAP LOG] [debug] Returning result: {"status":0,"value":"true"}
&amp#27;[35m[HTTP]&amp#27;[39m &amp#27;[37m-->&amp#27;[39m &amp#27;[37mGET&amp#27;[39m &amp#27;[37m/wd/hub/session/c8142c76-e56e-479f-a1f4-e65b1aa23d7e&amp#27;[39m
&amp#27;[35m[HTTP]&amp#27;[39m &amp#27;[90m{}&amp#27;[39m
[debug] &amp#27;[35m[W3C (c8142c76)]&amp#27;[39m Calling AppiumDriver.getSession() with args: ["c8142c76-e56e-479f-a1f4-e65b1aa23d7e"]
[debug] &amp#27;[35m[W3C (c8142c76)]&amp#27;[39m Responding to client with driver.getSession() result: {"platform":"LINUX","webStorageEnabled":false,"takesScreenshot":true,"javascriptEnabled":true,"databaseEnabled":false,"networkConnectionEnabled":true,"locationContextEnabled":false,"warnings":{},"desired":{"platformName":"android","version":"9","app":"C:\\Users\\Swadhin\\Pictures\\framework\\src\\app-debug.apk","deviceName":"OnePlus","newCommandTimeout":20,"udid":"192.168.0.100:5555"},"platformName":"android","version":"9","app":"C:\\Users\\Swadhin\\Pictures\\framework\\src\\app-debug.apk","deviceName":"192.168.0.100:5555","newCommandTimeout":20,"udid":"192.168.0.100:5555","deviceUDID":"192.168.0.100:5555","platformVersion":"9","deviceScreenSize":"1080x2160","deviceModel":"ONEPLUS A5010","deviceManufacturer":"OnePlus","appPackage":"com.delvo.commerce","appWaitPackage":"com.delvo.commerce","appActivity":"com.delvo.commerce.SplashActivity","appWaitActivity":"com.delvo.commerce.SplashActivity"}
&amp#27;[35m[HTTP]&amp#27;[39m &amp#27;[37m<-- GET /wd/hub/session/c8142c76-e56e-479f-a1f4-e65b1aa23d7e &amp#27;[39m&amp#27;[32m200&amp#27;[39m &amp#27;[90m3 ms - 914&amp#27;[39m
&amp#27;[35m[HTTP]&amp#27;[39m &amp#27;[90m&amp#27;[39m
&amp#27;[35m[HTTP]&amp#27;[39m &amp#27;[37m-->&amp#27;[39m &amp#27;[37mPOST&amp#27;[39m &amp#27;[37m/wd/hub/session/c8142c76-e56e-479f-a1f4-e65b1aa23d7e/element&amp#27;[39m
&amp#27;[35m[HTTP]&amp#27;[39m &amp#27;[90m{"using":"id","value":"sign_in_forgot_password"}&amp#27;[39m
[debug] &amp#27;[35m[W3C (c8142c76)]&amp#27;[39m Calling AppiumDriver.findElement() with args: ["id","sign_in_forgot_password","c8142c76-e56e-479f-a1f4-e65b1aa23d7e"]
[debug] &amp#27;[35m[BaseDriver]&amp#27;[39m Valid locator strategies for this request: xpath, id, class name, accessibility id, -android uiautomator
[debug] &amp#27;[35m[BaseDriver]&amp#27;[39m Waiting up to 30000 ms for condition
[debug] &amp#27;[35m[AndroidBootstrap]&amp#27;[39m Sending command to android: {"cmd":"action","action":"find","params":{"strategy":"id","selector":"sign_in_forgot_password","context":"","multiple":false}}
[debug] &amp#27;[35m[AndroidBootstrap]&amp#27;[39m [BOOTSTRAP LOG] [debug] Got data from client: {"cmd":"action","action":"find","params":{"strategy":"id","selector":"sign_in_forgot_password","context":"","multiple":false}}
[debug] &amp#27;[35m[AndroidBootstrap]&amp#27;[39m [BOOTSTRAP LOG] [debug] Got command of type ACTION
[debug] &amp#27;[35m[AndroidBootstrap]&amp#27;[39m [BOOTSTRAP LOG] [debug] Got command action: find
[debug] &amp#27;[35m[AndroidBootstrap]&amp#27;[39m [BOOTSTRAP LOG] [debug] Finding 'sign_in_forgot_password' using 'ID' with the contextId: '' multiple: false
[debug] &amp#27;[35m[AndroidBootstrap]&amp#27;[39m [BOOTSTRAP LOG] [debug] Using: UiSelector[INSTANCE=0, RESOURCE_ID=com.delvo.commerce:id/sign_in_forgot_password]
[debug] &amp#27;[35m[AndroidBootstrap]&amp#27;[39m Received command result from bootstrap
[debug] &amp#27;[35m[AndroidBootstrap]&amp#27;[39m [BOOTSTRAP LOG] [debug] Returning result: {"status":0,"value":{"ELEMENT":"6"}}
[debug] &amp#27;[35m[W3C (c8142c76)]&amp#27;[39m Responding to client with driver.findElement() result: {"element-6066-11e4-a52e-4f735466cecf":"6","ELEMENT":"6"}
&amp#27;[35m[HTTP]&amp#27;[39m &amp#27;[37m<-- POST /wd/hub/session/c8142c76-e56e-479f-a1f4-e65b1aa23d7e/element &amp#27;[39m&amp#27;[32m200&amp#27;[39m &amp#27;[90m39 ms - 67&amp#27;[39m
&amp#27;[35m[HTTP]&amp#27;[39m &amp#27;[90m&amp#27;[39m
&amp#27;[35m[HTTP]&amp#27;[39m &amp#27;[37m-->&amp#27;[39m &amp#27;[37mGET&amp#27;[39m &amp#27;[37m/wd/hub/session/c8142c76-e56e-479f-a1f4-e65b1aa23d7e/element/6/displayed&amp#27;[39m
&amp#27;[35m[HTTP]&amp#27;[39m &amp#27;[90m{}&amp#27;[39m
[debug] &amp#27;[35m[W3C (c8142c76)]&amp#27;[39m Calling AppiumDriver.elementDisplayed() with args: ["6","c8142c76-e56e-479f-a1f4-e65b1aa23d7e"]
[debug] &amp#27;[35m[AndroidBootstrap]&amp#27;[39m Sending command to android: {"cmd":"action","action":"element:getAttribute","params":{"attribute":"displayed","elementId":"6"}}
[debug] &amp#27;[35m[AndroidBootstrap]&amp#27;[39m [BOOTSTRAP LOG] [debug] Got data from client: {"cmd":"action","action":"element:getAttribute","params":{"attribute":"displayed","elementId":"6"}}
[debug] &amp#27;[35m[AndroidBootstrap]&amp#27;[39m [BOOTSTRAP LOG] [debug] Got command of type ACTION
[debug] &amp#27;[35m[AndroidBootstrap]&amp#27;[39m [BOOTSTRAP LOG] [debug] Got command action: getAttribute
[debug] &amp#27;[35m[AndroidBootstrap]&amp#27;[39m Received command result from bootstrap
[debug] &amp#27;[35m[AndroidBootstrap]&amp#27;[39m [BOOTSTRAP LOG] [debug] Returning result: {"status":0,"value":"true"}
[debug] &amp#27;[35m[W3C (c8142c76)]&amp#27;[39m Responding to client with driver.elementDisplayed() result: true
&amp#27;[35m[HTTP]&amp#27;[39m &amp#27;[37m<-- GET /wd/hub/session/c8142c76-e56e-479f-a1f4-e65b1aa23d7e/element/6/displayed &amp#27;[39m&amp#27;[32m200&amp#27;[39m &amp#27;[90m33 ms - 14&amp#27;[39m
&amp#27;[35m[HTTP]&amp#27;[39m &amp#27;[90m&amp#27;[39m
Verified SignIn Page
]]></system-out>
    <system-err><![CDATA[java.io.IOException: Cannot run program "?c": CreateProcess error=2, The system cannot find the file specified
	at java.lang.ProcessBuilder.start(ProcessBuilder.java:1048)
	at java.lang.Runtime.exec(Runtime.java:620)
	at java.lang.Runtime.exec(Runtime.java:450)
	at java.lang.Runtime.exec(Runtime.java:347)
	at utils.listeners.onTestFailure(listeners.java:49)
	at org.testng.internal.TestListenerHelper.runTestListeners(TestListenerHelper.java:67)
	at org.testng.internal.Invoker.runTestListeners(Invoker.java:1389)
	at org.testng.internal.Invoker.invokeMethod(Invoker.java:636)
	at org.testng.internal.Invoker.invokeTestMethod(Invoker.java:719)
	at org.testng.internal.Invoker.invokeTestMethods(Invoker.java:989)
	at org.testng.internal.TestMethodWorker.invokeTestMethods(TestMethodWorker.java:125)
	at org.testng.internal.TestMethodWorker.run(TestMethodWorker.java:109)
	at org.testng.TestRunner.privateRun(TestRunner.java:648)
	at org.testng.TestRunner.run(TestRunner.java:505)
	at org.testng.SuiteRunner.runTest(SuiteRunner.java:455)
	at org.testng.SuiteRunner.runSequentially(SuiteRunner.java:450)
	at org.testng.SuiteRunner.privateRun(SuiteRunner.java:415)
	at org.testng.SuiteRunner.run(SuiteRunner.java:364)
	at org.testng.SuiteRunnerWorker.runSuite(SuiteRunnerWorker.java:52)
	at org.testng.SuiteRunnerWorker.run(SuiteRunnerWorker.java:84)
	at org.testng.TestNG.runSuitesSequentially(TestNG.java:1208)
	at org.testng.TestNG.runSuitesLocally(TestNG.java:1137)
	at org.testng.TestNG.runSuites(TestNG.java:1049)
	at org.testng.TestNG.run(TestNG.java:1017)
	at org.apache.maven.surefire.testng.TestNGExecutor.run(TestNGExecutor.java:283)
	at org.apache.maven.surefire.testng.TestNGXmlTestSuite.execute(TestNGXmlTestSuite.java:75)
	at org.apache.maven.surefire.testng.TestNGProvider.invoke(TestNGProvider.java:120)
	at org.apache.maven.surefire.booter.ForkedBooter.invokeProviderInSameClassLoader(ForkedBooter.java:384)
	at org.apache.maven.surefire.booter.ForkedBooter.runSuitesInProcess(ForkedBooter.java:345)
	at org.apache.maven.surefire.booter.ForkedBooter.execute(ForkedBooter.java:126)
	at org.apache.maven.surefire.booter.ForkedBooter.main(ForkedBooter.java:418)
Caused by: java.io.IOException: CreateProcess error=2, The system cannot find the file specified
	at java.lang.ProcessImpl.create(Native Method)
	at java.lang.ProcessImpl.<init>(ProcessImpl.java:386)
	at java.lang.ProcessImpl.start(ProcessImpl.java:137)
	at java.lang.ProcessBuilder.start(ProcessBuilder.java:1029)
	... 30 more
Jul 07, 2019 5:19:49 PM io.appium.java_client.remote.AppiumCommandExecutor$1 lambda$0
INFO: Detected dialect: W3C
]]></system-err>
  </testcase>
  <testcase name="SkipLoginVerification" classname="tests.SkipLoginPageTest" time="12.147"/>
  <testcase name="SignUpPageVerification" classname="tests.SignUpPageTest" time="12.836"/>
  <testcase name="ForgotPasswordVerification" classname="tests.ForgotPasswordPageTest" time="13.03"/>
</testsuite>